{"/Users/akshitbatra/Hands-on/cbp/new/src/App.js": {"path":"/Users/akshitbatra/Hands-on/cbp/new/src/App.js","statementMap":{"0":{"start":{"line":15,"column":16},"end":{"line":43,"column":3}},"1":{"start":{"line":45,"column":2},"end":{"line":65,"column":4}}},"fnMap":{"0":{"name":"App","decl":{"start":{"line":14,"column":9},"end":{"line":14,"column":12}},"loc":{"start":{"line":14,"column":15},"end":{"line":66,"column":1}},"line":14}},"branchMap":{},"s":{"0":0,"1":0},"f":{"0":0},"b":{}}
,"/Users/akshitbatra/Hands-on/cbp/new/src/index.js": {"path":"/Users/akshitbatra/Hands-on/cbp/new/src/index.js","statementMap":{"0":{"start":{"line":8,"column":13},"end":{"line":8,"column":65}},"1":{"start":{"line":9,"column":0},"end":{"line":13,"column":2}},"2":{"start":{"line":18,"column":0},"end":{"line":18,"column":18}}},"fnMap":{},"branchMap":{},"s":{"0":0,"1":0,"2":0},"f":{},"b":{}}
,"/Users/akshitbatra/Hands-on/cbp/new/src/reportWebVitals.js": {"path":"/Users/akshitbatra/Hands-on/cbp/new/src/reportWebVitals.js","statementMap":{"0":{"start":{"line":1,"column":24},"end":{"line":11,"column":1}},"1":{"start":{"line":2,"column":2},"end":{"line":10,"column":3}},"2":{"start":{"line":3,"column":4},"end":{"line":9,"column":7}},"3":{"start":{"line":4,"column":6},"end":{"line":4,"column":26}},"4":{"start":{"line":5,"column":6},"end":{"line":5,"column":26}},"5":{"start":{"line":6,"column":6},"end":{"line":6,"column":26}},"6":{"start":{"line":7,"column":6},"end":{"line":7,"column":26}},"7":{"start":{"line":8,"column":6},"end":{"line":8,"column":27}}},"fnMap":{"0":{"name":"(anonymous_0)","decl":{"start":{"line":1,"column":24},"end":{"line":1,"column":25}},"loc":{"start":{"line":1,"column":39},"end":{"line":11,"column":1}},"line":1},"1":{"name":"(anonymous_1)","decl":{"start":{"line":3,"column":30},"end":{"line":3,"column":31}},"loc":{"start":{"line":3,"column":79},"end":{"line":9,"column":5}},"line":3}},"branchMap":{"0":{"loc":{"start":{"line":2,"column":2},"end":{"line":10,"column":3}},"type":"if","locations":[{"start":{"line":2,"column":2},"end":{"line":10,"column":3}},{"start":{},"end":{}}],"line":2},"1":{"loc":{"start":{"line":2,"column":6},"end":{"line":2,"column":52}},"type":"binary-expr","locations":[{"start":{"line":2,"column":6},"end":{"line":2,"column":17}},{"start":{"line":2,"column":21},"end":{"line":2,"column":52}}],"line":2}},"s":{"0":0,"1":0,"2":0,"3":0,"4":0,"5":0,"6":0,"7":0},"f":{"0":0,"1":0},"b":{"0":[0,0],"1":[0,0]}}
,"/Users/akshitbatra/Hands-on/cbp/new/src/components/Button.js": {"path":"/Users/akshitbatra/Hands-on/cbp/new/src/components/Button.js","statementMap":{"0":{"start":{"line":2,"column":2},"end":{"line":6,"column":4}}},"fnMap":{"0":{"name":"Button","decl":{"start":{"line":1,"column":9},"end":{"line":1,"column":15}},"loc":{"start":{"line":1,"column":26},"end":{"line":7,"column":1}},"line":1}},"branchMap":{},"s":{"0":0},"f":{"0":0},"b":{}}
,"/Users/akshitbatra/Hands-on/cbp/new/src/components/Form.js": {"path":"/Users/akshitbatra/Hands-on/cbp/new/src/components/Form.js","statementMap":{"0":{"start":{"line":6,"column":26},"end":{"line":6,"column":38}},"1":{"start":{"line":7,"column":36},"end":{"line":7,"column":48}},"2":{"start":{"line":8,"column":28},"end":{"line":8,"column":40}},"3":{"start":{"line":9,"column":38},"end":{"line":9,"column":50}},"4":{"start":{"line":10,"column":40},"end":{"line":10,"column":52}},"5":{"start":{"line":11,"column":50},"end":{"line":11,"column":62}},"6":{"start":{"line":12,"column":34},"end":{"line":12,"column":46}},"7":{"start":{"line":13,"column":44},"end":{"line":13,"column":56}},"8":{"start":{"line":14,"column":32},"end":{"line":14,"column":44}},"9":{"start":{"line":15,"column":42},"end":{"line":15,"column":54}},"10":{"start":{"line":16,"column":32},"end":{"line":16,"column":44}},"11":{"start":{"line":17,"column":42},"end":{"line":17,"column":54}},"12":{"start":{"line":19,"column":28},"end":{"line":19,"column":42}},"13":{"start":{"line":28,"column":27},"end":{"line":30,"column":3}},"14":{"start":{"line":29,"column":4},"end":{"line":29,"column":32}},"15":{"start":{"line":31,"column":25},"end":{"line":39,"column":3}},"16":{"start":{"line":32,"column":4},"end":{"line":38,"column":5}},"17":{"start":{"line":33,"column":6},"end":{"line":33,"column":39}},"18":{"start":{"line":34,"column":11},"end":{"line":38,"column":5}},"19":{"start":{"line":35,"column":6},"end":{"line":35,"column":42}},"20":{"start":{"line":37,"column":6},"end":{"line":37,"column":23}},"21":{"start":{"line":40,"column":34},"end":{"line":42,"column":3}},"22":{"start":{"line":41,"column":4},"end":{"line":41,"column":39}},"23":{"start":{"line":43,"column":32},"end":{"line":51,"column":3}},"24":{"start":{"line":44,"column":4},"end":{"line":50,"column":5}},"25":{"start":{"line":45,"column":6},"end":{"line":45,"column":54}},"26":{"start":{"line":46,"column":11},"end":{"line":50,"column":5}},"27":{"start":{"line":47,"column":6},"end":{"line":47,"column":57}},"28":{"start":{"line":49,"column":6},"end":{"line":49,"column":30}},"29":{"start":{"line":52,"column":28},"end":{"line":54,"column":3}},"30":{"start":{"line":53,"column":4},"end":{"line":53,"column":33}},"31":{"start":{"line":55,"column":26},"end":{"line":63,"column":3}},"32":{"start":{"line":56,"column":4},"end":{"line":62,"column":5}},"33":{"start":{"line":57,"column":6},"end":{"line":57,"column":41}},"34":{"start":{"line":58,"column":11},"end":{"line":62,"column":5}},"35":{"start":{"line":59,"column":6},"end":{"line":59,"column":44}},"36":{"start":{"line":61,"column":6},"end":{"line":61,"column":24}},"37":{"start":{"line":64,"column":31},"end":{"line":66,"column":3}},"38":{"start":{"line":65,"column":4},"end":{"line":65,"column":36}},"39":{"start":{"line":67,"column":29},"end":{"line":79,"column":3}},"40":{"start":{"line":68,"column":4},"end":{"line":78,"column":5}},"41":{"start":{"line":69,"column":6},"end":{"line":69,"column":47}},"42":{"start":{"line":70,"column":11},"end":{"line":78,"column":5}},"43":{"start":{"line":75,"column":6},"end":{"line":75,"column":50}},"44":{"start":{"line":77,"column":6},"end":{"line":77,"column":27}},"45":{"start":{"line":80,"column":30},"end":{"line":82,"column":3}},"46":{"start":{"line":81,"column":4},"end":{"line":81,"column":35}},"47":{"start":{"line":83,"column":28},"end":{"line":91,"column":3}},"48":{"start":{"line":84,"column":4},"end":{"line":90,"column":5}},"49":{"start":{"line":85,"column":6},"end":{"line":85,"column":44}},"50":{"start":{"line":86,"column":11},"end":{"line":90,"column":5}},"51":{"start":{"line":87,"column":6},"end":{"line":87,"column":48}},"52":{"start":{"line":89,"column":6},"end":{"line":89,"column":26}},"53":{"start":{"line":92,"column":30},"end":{"line":94,"column":3}},"54":{"start":{"line":93,"column":4},"end":{"line":93,"column":35}},"55":{"start":{"line":95,"column":28},"end":{"line":103,"column":3}},"56":{"start":{"line":96,"column":4},"end":{"line":102,"column":5}},"57":{"start":{"line":97,"column":6},"end":{"line":97,"column":45}},"58":{"start":{"line":98,"column":11},"end":{"line":102,"column":5}},"59":{"start":{"line":99,"column":6},"end":{"line":99,"column":48}},"60":{"start":{"line":101,"column":6},"end":{"line":101,"column":26}},"61":{"start":{"line":105,"column":27},"end":{"line":108,"column":3}},"62":{"start":{"line":106,"column":4},"end":{"line":106,"column":27}},"63":{"start":{"line":107,"column":4},"end":{"line":107,"column":71}},"64":{"start":{"line":109,"column":27},"end":{"line":111,"column":3}},"65":{"start":{"line":110,"column":4},"end":{"line":110,"column":24}},"66":{"start":{"line":113,"column":2},"end":{"line":204,"column":4}}},"fnMap":{"0":{"name":"Form","decl":{"start":{"line":5,"column":9},"end":{"line":5,"column":13}},"loc":{"start":{"line":5,"column":76},"end":{"line":205,"column":1}},"line":5},"1":{"name":"(anonymous_1)","decl":{"start":{"line":28,"column":27},"end":{"line":28,"column":28}},"loc":{"start":{"line":28,"column":38},"end":{"line":30,"column":3}},"line":28},"2":{"name":"(anonymous_2)","decl":{"start":{"line":31,"column":25},"end":{"line":31,"column":26}},"loc":{"start":{"line":31,"column":31},"end":{"line":39,"column":3}},"line":31},"3":{"name":"(anonymous_3)","decl":{"start":{"line":40,"column":34},"end":{"line":40,"column":35}},"loc":{"start":{"line":40,"column":45},"end":{"line":42,"column":3}},"line":40},"4":{"name":"(anonymous_4)","decl":{"start":{"line":43,"column":32},"end":{"line":43,"column":33}},"loc":{"start":{"line":43,"column":38},"end":{"line":51,"column":3}},"line":43},"5":{"name":"(anonymous_5)","decl":{"start":{"line":52,"column":28},"end":{"line":52,"column":29}},"loc":{"start":{"line":52,"column":39},"end":{"line":54,"column":3}},"line":52},"6":{"name":"(anonymous_6)","decl":{"start":{"line":55,"column":26},"end":{"line":55,"column":27}},"loc":{"start":{"line":55,"column":32},"end":{"line":63,"column":3}},"line":55},"7":{"name":"(anonymous_7)","decl":{"start":{"line":64,"column":31},"end":{"line":64,"column":32}},"loc":{"start":{"line":64,"column":42},"end":{"line":66,"column":3}},"line":64},"8":{"name":"(anonymous_8)","decl":{"start":{"line":67,"column":29},"end":{"line":67,"column":30}},"loc":{"start":{"line":67,"column":35},"end":{"line":79,"column":3}},"line":67},"9":{"name":"(anonymous_9)","decl":{"start":{"line":80,"column":30},"end":{"line":80,"column":31}},"loc":{"start":{"line":80,"column":41},"end":{"line":82,"column":3}},"line":80},"10":{"name":"(anonymous_10)","decl":{"start":{"line":83,"column":28},"end":{"line":83,"column":29}},"loc":{"start":{"line":83,"column":34},"end":{"line":91,"column":3}},"line":83},"11":{"name":"(anonymous_11)","decl":{"start":{"line":92,"column":30},"end":{"line":92,"column":31}},"loc":{"start":{"line":92,"column":41},"end":{"line":94,"column":3}},"line":92},"12":{"name":"(anonymous_12)","decl":{"start":{"line":95,"column":28},"end":{"line":95,"column":29}},"loc":{"start":{"line":95,"column":34},"end":{"line":103,"column":3}},"line":95},"13":{"name":"(anonymous_13)","decl":{"start":{"line":105,"column":27},"end":{"line":105,"column":28}},"loc":{"start":{"line":105,"column":38},"end":{"line":108,"column":3}},"line":105},"14":{"name":"(anonymous_14)","decl":{"start":{"line":109,"column":27},"end":{"line":109,"column":28}},"loc":{"start":{"line":109,"column":33},"end":{"line":111,"column":3}},"line":109}},"branchMap":{"0":{"loc":{"start":{"line":32,"column":4},"end":{"line":38,"column":5}},"type":"if","locations":[{"start":{"line":32,"column":4},"end":{"line":38,"column":5}},{"start":{"line":34,"column":11},"end":{"line":38,"column":5}}],"line":32},"1":{"loc":{"start":{"line":34,"column":11},"end":{"line":38,"column":5}},"type":"if","locations":[{"start":{"line":34,"column":11},"end":{"line":38,"column":5}},{"start":{"line":36,"column":11},"end":{"line":38,"column":5}}],"line":34},"2":{"loc":{"start":{"line":44,"column":4},"end":{"line":50,"column":5}},"type":"if","locations":[{"start":{"line":44,"column":4},"end":{"line":50,"column":5}},{"start":{"line":46,"column":11},"end":{"line":50,"column":5}}],"line":44},"3":{"loc":{"start":{"line":46,"column":11},"end":{"line":50,"column":5}},"type":"if","locations":[{"start":{"line":46,"column":11},"end":{"line":50,"column":5}},{"start":{"line":48,"column":11},"end":{"line":50,"column":5}}],"line":46},"4":{"loc":{"start":{"line":56,"column":4},"end":{"line":62,"column":5}},"type":"if","locations":[{"start":{"line":56,"column":4},"end":{"line":62,"column":5}},{"start":{"line":58,"column":11},"end":{"line":62,"column":5}}],"line":56},"5":{"loc":{"start":{"line":58,"column":11},"end":{"line":62,"column":5}},"type":"if","locations":[{"start":{"line":58,"column":11},"end":{"line":62,"column":5}},{"start":{"line":60,"column":11},"end":{"line":62,"column":5}}],"line":58},"6":{"loc":{"start":{"line":68,"column":4},"end":{"line":78,"column":5}},"type":"if","locations":[{"start":{"line":68,"column":4},"end":{"line":78,"column":5}},{"start":{"line":70,"column":11},"end":{"line":78,"column":5}}],"line":68},"7":{"loc":{"start":{"line":70,"column":11},"end":{"line":78,"column":5}},"type":"if","locations":[{"start":{"line":70,"column":11},"end":{"line":78,"column":5}},{"start":{"line":76,"column":11},"end":{"line":78,"column":5}}],"line":70},"8":{"loc":{"start":{"line":84,"column":4},"end":{"line":90,"column":5}},"type":"if","locations":[{"start":{"line":84,"column":4},"end":{"line":90,"column":5}},{"start":{"line":86,"column":11},"end":{"line":90,"column":5}}],"line":84},"9":{"loc":{"start":{"line":86,"column":11},"end":{"line":90,"column":5}},"type":"if","locations":[{"start":{"line":86,"column":11},"end":{"line":90,"column":5}},{"start":{"line":88,"column":11},"end":{"line":90,"column":5}}],"line":86},"10":{"loc":{"start":{"line":96,"column":4},"end":{"line":102,"column":5}},"type":"if","locations":[{"start":{"line":96,"column":4},"end":{"line":102,"column":5}},{"start":{"line":98,"column":11},"end":{"line":102,"column":5}}],"line":96},"11":{"loc":{"start":{"line":98,"column":11},"end":{"line":102,"column":5}},"type":"if","locations":[{"start":{"line":98,"column":11},"end":{"line":102,"column":5}},{"start":{"line":100,"column":11},"end":{"line":102,"column":5}}],"line":98},"12":{"loc":{"start":{"line":115,"column":7},"end":{"line":176,"column":7}},"type":"binary-expr","locations":[{"start":{"line":115,"column":7},"end":{"line":115,"column":23}},{"start":{"line":116,"column":8},"end":{"line":175,"column":11}}],"line":115},"13":{"loc":{"start":{"line":128,"column":15},"end":{"line":128,"column":68}},"type":"binary-expr","locations":[{"start":{"line":128,"column":15},"end":{"line":128,"column":24}},{"start":{"line":128,"column":28},"end":{"line":128,"column":68}}],"line":128},"14":{"loc":{"start":{"line":142,"column":15},"end":{"line":144,"column":15}},"type":"binary-expr","locations":[{"start":{"line":142,"column":15},"end":{"line":142,"column":31}},{"start":{"line":143,"column":16},"end":{"line":143,"column":63}}],"line":142},"15":{"loc":{"start":{"line":158,"column":15},"end":{"line":158,"column":74}},"type":"binary-expr","locations":[{"start":{"line":158,"column":15},"end":{"line":158,"column":27}},{"start":{"line":158,"column":31},"end":{"line":158,"column":74}}],"line":158},"16":{"loc":{"start":{"line":172,"column":15},"end":{"line":172,"column":74}},"type":"binary-expr","locations":[{"start":{"line":172,"column":15},"end":{"line":172,"column":27}},{"start":{"line":172,"column":31},"end":{"line":172,"column":74}}],"line":172},"17":{"loc":{"start":{"line":187,"column":9},"end":{"line":187,"column":64}},"type":"binary-expr","locations":[{"start":{"line":187,"column":9},"end":{"line":187,"column":19}},{"start":{"line":187,"column":23},"end":{"line":187,"column":64}}],"line":187},"18":{"loc":{"start":{"line":200,"column":9},"end":{"line":200,"column":70}},"type":"binary-expr","locations":[{"start":{"line":200,"column":9},"end":{"line":200,"column":22}},{"start":{"line":200,"column":26},"end":{"line":200,"column":70}}],"line":200}},"s":{"0":0,"1":0,"2":0,"3":0,"4":0,"5":0,"6":0,"7":0,"8":0,"9":0,"10":0,"11":0,"12":0,"13":0,"14":0,"15":0,"16":0,"17":0,"18":0,"19":0,"20":0,"21":0,"22":0,"23":0,"24":0,"25":0,"26":0,"27":0,"28":0,"29":0,"30":0,"31":0,"32":0,"33":0,"34":0,"35":0,"36":0,"37":0,"38":0,"39":0,"40":0,"41":0,"42":0,"43":0,"44":0,"45":0,"46":0,"47":0,"48":0,"49":0,"50":0,"51":0,"52":0,"53":0,"54":0,"55":0,"56":0,"57":0,"58":0,"59":0,"60":0,"61":0,"62":0,"63":0,"64":0,"65":0,"66":0},"f":{"0":0,"1":0,"2":0,"3":0,"4":0,"5":0,"6":0,"7":0,"8":0,"9":0,"10":0,"11":0,"12":0,"13":0,"14":0},"b":{"0":[0,0],"1":[0,0],"2":[0,0],"3":[0,0],"4":[0,0],"5":[0,0],"6":[0,0],"7":[0,0],"8":[0,0],"9":[0,0],"10":[0,0],"11":[0,0],"12":[0,0],"13":[0,0],"14":[0,0],"15":[0,0],"16":[0,0],"17":[0,0],"18":[0,0]}}
,"/Users/akshitbatra/Hands-on/cbp/new/src/components/FormComponent.tsx": {"path":"/Users/akshitbatra/Hands-on/cbp/new/src/components/FormComponent.tsx","statementMap":{"0":{"start":{"line":5,"column":43},"end":{"line":50,"column":1}},"1":{"start":{"line":6,"column":23},"end":{"line":24,"column":3}},"2":{"start":{"line":7,"column":4},"end":{"line":23,"column":7}},"3":{"start":{"line":8,"column":58},"end":{"line":8,"column":63}},"4":{"start":{"line":10,"column":6},"end":{"line":22,"column":8}},"5":{"start":{"line":25,"column":23},"end":{"line":33,"column":3}},"6":{"start":{"line":26,"column":4},"end":{"line":26,"column":27}},"7":{"start":{"line":27,"column":32},"end":{"line":29,"column":5}},"8":{"start":{"line":30,"column":4},"end":{"line":32,"column":5}},"9":{"start":{"line":31,"column":6},"end":{"line":31,"column":25}},"10":{"start":{"line":34,"column":2},"end":{"line":49,"column":4}}},"fnMap":{"0":{"name":"(anonymous_0)","decl":{"start":{"line":5,"column":43},"end":{"line":5,"column":44}},"loc":{"start":{"line":5,"column":71},"end":{"line":50,"column":1}},"line":5},"1":{"name":"(anonymous_1)","decl":{"start":{"line":6,"column":23},"end":{"line":6,"column":24}},"loc":{"start":{"line":6,"column":68},"end":{"line":24,"column":3}},"line":6},"2":{"name":"(anonymous_2)","decl":{"start":{"line":7,"column":22},"end":{"line":7,"column":23}},"loc":{"start":{"line":7,"column":33},"end":{"line":23,"column":5}},"line":7},"3":{"name":"(anonymous_3)","decl":{"start":{"line":25,"column":23},"end":{"line":25,"column":24}},"loc":{"start":{"line":25,"column":51},"end":{"line":33,"column":3}},"line":25}},"branchMap":{"0":{"loc":{"start":{"line":30,"column":4},"end":{"line":32,"column":5}},"type":"if","locations":[{"start":{"line":30,"column":4},"end":{"line":32,"column":5}},{"start":{},"end":{}}],"line":30}},"s":{"0":0,"1":0,"2":0,"3":0,"4":0,"5":0,"6":0,"7":0,"8":0,"9":0,"10":0},"f":{"0":0,"1":0,"2":0,"3":0},"b":{"0":[0,0]}}
,"/Users/akshitbatra/Hands-on/cbp/new/src/components/Input.tsx": {"path":"/Users/akshitbatra/Hands-on/cbp/new/src/components/Input.tsx","statementMap":{"0":{"start":{"line":5,"column":18},"end":{"line":13,"column":1}},"1":{"start":{"line":17,"column":14},"end":{"line":50,"column":1}},"2":{"start":{"line":26,"column":22},"end":{"line":29,"column":3}},"3":{"start":{"line":30,"column":2},"end":{"line":49,"column":4}},"4":{"start":{"line":52,"column":0},"end":{"line":52,"column":28}}},"fnMap":{"0":{"name":"(anonymous_0)","decl":{"start":{"line":17,"column":14},"end":{"line":17,"column":15}},"loc":{"start":{"line":25,"column":22},"end":{"line":50,"column":1}},"line":25}},"branchMap":{"0":{"loc":{"start":{"line":21,"column":2},"end":{"line":21,"column":18}},"type":"default-arg","locations":[{"start":{"line":21,"column":13},"end":{"line":21,"column":18}}],"line":21},"1":{"loc":{"start":{"line":32,"column":7},"end":{"line":37,"column":7}},"type":"binary-expr","locations":[{"start":{"line":32,"column":7},"end":{"line":32,"column":15}},{"start":{"line":33,"column":8},"end":{"line":36,"column":16}}],"line":32},"2":{"loc":{"start":{"line":35,"column":11},"end":{"line":35,"column":71}},"type":"binary-expr","locations":[{"start":{"line":35,"column":11},"end":{"line":35,"column":19}},{"start":{"line":35,"column":23},"end":{"line":35,"column":71}}],"line":35},"3":{"loc":{"start":{"line":45,"column":7},"end":{"line":47,"column":7}},"type":"binary-expr","locations":[{"start":{"line":45,"column":7},"end":{"line":45,"column":12}},{"start":{"line":46,"column":8},"end":{"line":46,"column":74}}],"line":45}},"s":{"0":0,"1":0,"2":0,"3":0,"4":0},"f":{"0":0},"b":{"0":[0],"1":[0,0],"2":[0,0],"3":[0,0]}}
,"/Users/akshitbatra/Hands-on/cbp/new/src/components/Logo.js": {"path":"/Users/akshitbatra/Hands-on/cbp/new/src/components/Logo.js","statementMap":{"0":{"start":{"line":3,"column":13},"end":{"line":19,"column":1}},"1":{"start":{"line":4,"column":2},"end":{"line":18,"column":4}}},"fnMap":{"0":{"name":"(anonymous_0)","decl":{"start":{"line":3,"column":13},"end":{"line":3,"column":14}},"loc":{"start":{"line":3,"column":19},"end":{"line":19,"column":1}},"line":3}},"branchMap":{},"s":{"0":0,"1":0},"f":{"0":0},"b":{}}
,"/Users/akshitbatra/Hands-on/cbp/new/src/components/Modal.js": {"path":"/Users/akshitbatra/Hands-on/cbp/new/src/components/Modal.js","statementMap":{},"fnMap":{},"branchMap":{},"s":{},"f":{},"b":{}}
,"/Users/akshitbatra/Hands-on/cbp/new/src/components/Navbar.tsx": {"path":"/Users/akshitbatra/Hands-on/cbp/new/src/components/Navbar.tsx","statementMap":{"0":{"start":{"line":4,"column":15},"end":{"line":153,"column":1}},"1":{"start":{"line":5,"column":35},"end":{"line":5,"column":39}},"2":{"start":{"line":6,"column":2},"end":{"line":152,"column":4}}},"fnMap":{"0":{"name":"(anonymous_0)","decl":{"start":{"line":4,"column":15},"end":{"line":4,"column":16}},"loc":{"start":{"line":4,"column":21},"end":{"line":153,"column":1}},"line":4}},"branchMap":{"0":{"loc":{"start":{"line":58,"column":17},"end":{"line":76,"column":17}},"type":"cond-expr","locations":[{"start":{"line":59,"column":18},"end":{"line":73,"column":21}},{"start":{"line":75,"column":18},"end":{"line":75,"column":20}}],"line":58},"1":{"loc":{"start":{"line":81,"column":13},"end":{"line":103,"column":13}},"type":"cond-expr","locations":[{"start":{"line":82,"column":14},"end":{"line":87,"column":21}},{"start":{"line":89,"column":14},"end":{"line":102,"column":17}}],"line":81},"2":{"loc":{"start":{"line":110,"column":11},"end":{"line":148,"column":11}},"type":"cond-expr","locations":[{"start":{"line":111,"column":12},"end":{"line":132,"column":15}},{"start":{"line":134,"column":12},"end":{"line":147,"column":15}}],"line":110}},"s":{"0":0,"1":0,"2":0},"f":{"0":0},"b":{"0":[0,0],"1":[0,0],"2":[0,0]}}
,"/Users/akshitbatra/Hands-on/cbp/new/src/components/Navbar1.tsx": {"path":"/Users/akshitbatra/Hands-on/cbp/new/src/components/Navbar1.tsx","statementMap":{"0":{"start":{"line":6,"column":16},"end":{"line":78,"column":1}},"1":{"start":{"line":7,"column":34},"end":{"line":7,"column":49}},"2":{"start":{"line":9,"column":22},"end":{"line":9,"column":66}},"3":{"start":{"line":9,"column":28},"end":{"line":9,"column":66}},"4":{"start":{"line":9,"column":55},"end":{"line":9,"column":65}},"5":{"start":{"line":10,"column":19},"end":{"line":10,"column":32}},"6":{"start":{"line":12,"column":50},"end":{"line":28,"column":3}},"7":{"start":{"line":29,"column":2},"end":{"line":77,"column":4}},"8":{"start":{"line":40,"column":31},"end":{"line":40,"column":65}},"9":{"start":{"line":42,"column":16},"end":{"line":42,"column":146}},"10":{"start":{"line":43,"column":14},"end":{"line":45,"column":73}},"11":{"start":{"line":44,"column":16},"end":{"line":45,"column":73}},"12":{"start":{"line":46,"column":14},"end":{"line":50,"column":16}},"13":{"start":{"line":62,"column":14},"end":{"line":71,"column":16}}},"fnMap":{"0":{"name":"(anonymous_0)","decl":{"start":{"line":6,"column":16},"end":{"line":6,"column":17}},"loc":{"start":{"line":6,"column":22},"end":{"line":78,"column":1}},"line":6},"1":{"name":"(anonymous_1)","decl":{"start":{"line":9,"column":22},"end":{"line":9,"column":23}},"loc":{"start":{"line":9,"column":28},"end":{"line":9,"column":66}},"line":9},"2":{"name":"(anonymous_2)","decl":{"start":{"line":9,"column":40},"end":{"line":9,"column":41}},"loc":{"start":{"line":9,"column":55},"end":{"line":9,"column":65}},"line":9},"3":{"name":"(anonymous_3)","decl":{"start":{"line":39,"column":38},"end":{"line":39,"column":39}},"loc":{"start":{"line":39,"column":51},"end":{"line":51,"column":13}},"line":39},"4":{"name":"(anonymous_4)","decl":{"start":{"line":61,"column":38},"end":{"line":61,"column":39}},"loc":{"start":{"line":61,"column":51},"end":{"line":72,"column":13}},"line":61}},"branchMap":{"0":{"loc":{"start":{"line":43,"column":14},"end":{"line":45,"column":73}},"type":"if","locations":[{"start":{"line":43,"column":14},"end":{"line":45,"column":73}},{"start":{},"end":{}}],"line":43},"1":{"loc":{"start":{"line":58,"column":7},"end":{"line":75,"column":7}},"type":"binary-expr","locations":[{"start":{"line":58,"column":7},"end":{"line":58,"column":15}},{"start":{"line":59,"column":8},"end":{"line":74,"column":14}}],"line":58}},"s":{"0":0,"1":0,"2":0,"3":0,"4":0,"5":0,"6":0,"7":0,"8":0,"9":0,"10":0,"11":0,"12":0,"13":0},"f":{"0":0,"1":0,"2":0,"3":0,"4":0},"b":{"0":[0,0],"1":[0,0]}}
,"/Users/akshitbatra/Hands-on/cbp/new/src/components/Select.tsx": {"path":"/Users/akshitbatra/Hands-on/cbp/new/src/components/Select.tsx","statementMap":{"0":{"start":{"line":21,"column":38},"end":{"line":55,"column":1}},"1":{"start":{"line":30,"column":22},"end":{"line":33,"column":3}},"2":{"start":{"line":35,"column":2},"end":{"line":54,"column":4}},"3":{"start":{"line":45,"column":10},"end":{"line":47,"column":19}},"4":{"start":{"line":57,"column":0},"end":{"line":65,"column":2}}},"fnMap":{"0":{"name":"(anonymous_0)","decl":{"start":{"line":21,"column":38},"end":{"line":21,"column":39}},"loc":{"start":{"line":29,"column":6},"end":{"line":55,"column":1}},"line":29},"1":{"name":"(anonymous_1)","decl":{"start":{"line":44,"column":21},"end":{"line":44,"column":22}},"loc":{"start":{"line":45,"column":10},"end":{"line":47,"column":19}},"line":45}},"branchMap":{"0":{"loc":{"start":{"line":24,"column":2},"end":{"line":24,"column":18}},"type":"default-arg","locations":[{"start":{"line":24,"column":13},"end":{"line":24,"column":18}}],"line":24},"1":{"loc":{"start":{"line":37,"column":7},"end":{"line":42,"column":7}},"type":"binary-expr","locations":[{"start":{"line":37,"column":7},"end":{"line":37,"column":15}},{"start":{"line":38,"column":8},"end":{"line":41,"column":16}}],"line":37},"2":{"loc":{"start":{"line":40,"column":11},"end":{"line":40,"column":71}},"type":"binary-expr","locations":[{"start":{"line":40,"column":11},"end":{"line":40,"column":19}},{"start":{"line":40,"column":23},"end":{"line":40,"column":71}}],"line":40},"3":{"loc":{"start":{"line":50,"column":7},"end":{"line":52,"column":7}},"type":"binary-expr","locations":[{"start":{"line":50,"column":7},"end":{"line":50,"column":12}},{"start":{"line":51,"column":8},"end":{"line":51,"column":75}}],"line":50}},"s":{"0":1,"1":6,"2":6,"3":18,"4":1},"f":{"0":6,"1":18},"b":{"0":[0],"1":[6,0],"2":[0,0],"3":[6,0]},"_coverageSchema":"1a1c01bbd47fc00a2c39e90264f33305004495a9","hash":"c1976ca6addf5133c7343bb060f3c71c9b7ab59c"}
,"/Users/akshitbatra/Hands-on/cbp/new/src/components/CabRequest/CabRequest.tsx": {"path":"/Users/akshitbatra/Hands-on/cbp/new/src/components/CabRequest/CabRequest.tsx","statementMap":{"0":{"start":{"line":17,"column":22},"end":{"line":30,"column":1}},"1":{"start":{"line":31,"column":19},"end":{"line":231,"column":1}},"2":{"start":{"line":32,"column":40},"end":{"line":32,"column":68}},"3":{"start":{"line":33,"column":30},"end":{"line":33,"column":56}},"4":{"start":{"line":34,"column":54},"end":{"line":36,"column":3}},"5":{"start":{"line":38,"column":40},"end":{"line":38,"column":68}},"6":{"start":{"line":39,"column":40},"end":{"line":39,"column":51}},"7":{"start":{"line":40,"column":27},"end":{"line":40,"column":38}},"8":{"start":{"line":42,"column":28},"end":{"line":42,"column":56}},"9":{"start":{"line":43,"column":29},"end":{"line":43,"column":63}},"10":{"start":{"line":44,"column":17},"end":{"line":44,"column":70}},"11":{"start":{"line":46,"column":2},"end":{"line":51,"column":9}},"12":{"start":{"line":48,"column":6},"end":{"line":48,"column":58}},"13":{"start":{"line":50,"column":4},"end":{"line":50,"column":14}},"14":{"start":{"line":53,"column":2},"end":{"line":67,"column":28}},"15":{"start":{"line":54,"column":4},"end":{"line":66,"column":46}},"16":{"start":{"line":55,"column":6},"end":{"line":59,"column":8}},"17":{"start":{"line":57,"column":26},"end":{"line":57,"column":73}},"18":{"start":{"line":60,"column":11},"end":{"line":66,"column":46}},"19":{"start":{"line":61,"column":6},"end":{"line":65,"column":8}},"20":{"start":{"line":63,"column":26},"end":{"line":63,"column":73}},"21":{"start":{"line":66,"column":11},"end":{"line":66,"column":46}},"22":{"start":{"line":69,"column":2},"end":{"line":75,"column":79}},"23":{"start":{"line":70,"column":27},"end":{"line":73,"column":5}},"24":{"start":{"line":74,"column":4},"end":{"line":74,"column":35}},"25":{"start":{"line":77,"column":30},"end":{"line":80,"column":3}},"26":{"start":{"line":78,"column":4},"end":{"line":78,"column":44}},"27":{"start":{"line":79,"column":4},"end":{"line":79,"column":57}},"28":{"start":{"line":81,"column":2},"end":{"line":230,"column":4}},"29":{"start":{"line":108,"column":18},"end":{"line":108,"column":65}},"30":{"start":{"line":109,"column":16},"end":{"line":206,"column":18}}},"fnMap":{"0":{"name":"(anonymous_0)","decl":{"start":{"line":31,"column":19},"end":{"line":31,"column":20}},"loc":{"start":{"line":31,"column":25},"end":{"line":231,"column":1}},"line":31},"1":{"name":"(anonymous_1)","decl":{"start":{"line":46,"column":12},"end":{"line":46,"column":13}},"loc":{"start":{"line":46,"column":18},"end":{"line":51,"column":3}},"line":46},"2":{"name":"getData","decl":{"start":{"line":47,"column":19},"end":{"line":47,"column":26}},"loc":{"start":{"line":47,"column":29},"end":{"line":49,"column":5}},"line":47},"3":{"name":"(anonymous_3)","decl":{"start":{"line":53,"column":12},"end":{"line":53,"column":13}},"loc":{"start":{"line":53,"column":18},"end":{"line":67,"column":3}},"line":53},"4":{"name":"(anonymous_4)","decl":{"start":{"line":57,"column":10},"end":{"line":57,"column":11}},"loc":{"start":{"line":57,"column":26},"end":{"line":57,"column":73}},"line":57},"5":{"name":"(anonymous_5)","decl":{"start":{"line":63,"column":10},"end":{"line":63,"column":11}},"loc":{"start":{"line":63,"column":26},"end":{"line":63,"column":73}},"line":63},"6":{"name":"(anonymous_6)","decl":{"start":{"line":69,"column":12},"end":{"line":69,"column":13}},"loc":{"start":{"line":69,"column":18},"end":{"line":75,"column":3}},"line":69},"7":{"name":"(anonymous_7)","decl":{"start":{"line":77,"column":30},"end":{"line":77,"column":31}},"loc":{"start":{"line":77,"column":79},"end":{"line":80,"column":3}},"line":77},"8":{"name":"(anonymous_8)","decl":{"start":{"line":106,"column":31},"end":{"line":106,"column":32}},"loc":{"start":{"line":106,"column":47},"end":{"line":207,"column":15}},"line":106}},"branchMap":{"0":{"loc":{"start":{"line":54,"column":4},"end":{"line":66,"column":46}},"type":"if","locations":[{"start":{"line":54,"column":4},"end":{"line":66,"column":46}},{"start":{"line":60,"column":11},"end":{"line":66,"column":46}}],"line":54},"1":{"loc":{"start":{"line":60,"column":11},"end":{"line":66,"column":46}},"type":"if","locations":[{"start":{"line":60,"column":11},"end":{"line":66,"column":46}},{"start":{"line":66,"column":11},"end":{"line":66,"column":46}}],"line":60},"2":{"loc":{"start":{"line":104,"column":11},"end":{"line":209,"column":11}},"type":"binary-expr","locations":[{"start":{"line":104,"column":11},"end":{"line":104,"column":33}},{"start":{"line":105,"column":12},"end":{"line":208,"column":18}}],"line":104},"3":{"loc":{"start":{"line":149,"column":27},"end":{"line":153,"column":27}},"type":"binary-expr","locations":[{"start":{"line":149,"column":27},"end":{"line":149,"column":41}},{"start":{"line":150,"column":28},"end":{"line":152,"column":35}}],"line":149},"4":{"loc":{"start":{"line":154,"column":27},"end":{"line":158,"column":27}},"type":"binary-expr","locations":[{"start":{"line":154,"column":27},"end":{"line":154,"column":42}},{"start":{"line":155,"column":28},"end":{"line":157,"column":35}}],"line":154},"5":{"loc":{"start":{"line":210,"column":11},"end":{"line":221,"column":11}},"type":"binary-expr","locations":[{"start":{"line":210,"column":11},"end":{"line":210,"column":35}},{"start":{"line":211,"column":12},"end":{"line":220,"column":18}}],"line":210}},"s":{"0":1,"1":1,"2":6,"3":6,"4":6,"5":6,"6":6,"7":6,"8":6,"9":6,"10":6,"11":6,"12":1,"13":1,"14":6,"15":2,"16":0,"17":0,"18":2,"19":0,"20":0,"21":2,"22":6,"23":3,"24":3,"25":6,"26":0,"27":0,"28":6,"29":1,"30":1},"f":{"0":6,"1":1,"2":1,"3":2,"4":0,"5":0,"6":3,"7":0,"8":1},"b":{"0":[0,2],"1":[0,2],"2":[6,1],"3":[1,0],"4":[1,1],"5":[6,5]},"_coverageSchema":"1a1c01bbd47fc00a2c39e90264f33305004495a9","hash":"f93526a13dd0453ab310f4b1c7c7f667fbe88906"}
,"/Users/akshitbatra/Hands-on/cbp/new/src/components/Pagination/Pagination.tsx": {"path":"/Users/akshitbatra/Hands-on/cbp/new/src/components/Pagination/Pagination.tsx","statementMap":{"0":{"start":{"line":9,"column":46},"end":{"line":37,"column":1}},"1":{"start":{"line":14,"column":19},"end":{"line":16,"column":3}},"2":{"start":{"line":15,"column":4},"end":{"line":15,"column":36}},"3":{"start":{"line":17,"column":19},"end":{"line":19,"column":3}},"4":{"start":{"line":18,"column":4},"end":{"line":18,"column":36}},"5":{"start":{"line":20,"column":2},"end":{"line":36,"column":4}}},"fnMap":{"0":{"name":"(anonymous_0)","decl":{"start":{"line":9,"column":46},"end":{"line":9,"column":47}},"loc":{"start":{"line":13,"column":6},"end":{"line":37,"column":1}},"line":13},"1":{"name":"(anonymous_1)","decl":{"start":{"line":14,"column":19},"end":{"line":14,"column":20}},"loc":{"start":{"line":14,"column":25},"end":{"line":16,"column":3}},"line":14},"2":{"name":"(anonymous_2)","decl":{"start":{"line":17,"column":19},"end":{"line":17,"column":20}},"loc":{"start":{"line":17,"column":25},"end":{"line":19,"column":3}},"line":17}},"branchMap":{"0":{"loc":{"start":{"line":23,"column":8},"end":{"line":23,"column":33}},"type":"cond-expr","locations":[{"start":{"line":23,"column":23},"end":{"line":23,"column":24}},{"start":{"line":23,"column":27},"end":{"line":23,"column":33}}],"line":23},"1":{"loc":{"start":{"line":25,"column":7},"end":{"line":29,"column":7}},"type":"binary-expr","locations":[{"start":{"line":25,"column":7},"end":{"line":25,"column":24}},{"start":{"line":26,"column":8},"end":{"line":28,"column":14}}],"line":25},"2":{"loc":{"start":{"line":30,"column":7},"end":{"line":34,"column":7}},"type":"binary-expr","locations":[{"start":{"line":30,"column":7},"end":{"line":30,"column":29}},{"start":{"line":30,"column":33},"end":{"line":30,"column":45}},{"start":{"line":31,"column":8},"end":{"line":33,"column":14}}],"line":30}},"s":{"0":1,"1":6,"2":0,"3":6,"4":0,"5":6},"f":{"0":6,"1":0,"2":0},"b":{"0":[4,2],"1":[6,0],"2":[6,4,0]},"_coverageSchema":"1a1c01bbd47fc00a2c39e90264f33305004495a9","hash":"637bae0b214ea9a61c172aa4f2ee12348a91f1c0"}
,"/Users/akshitbatra/Hands-on/cbp/new/src/components/template/Layout.tsx": {"path":"/Users/akshitbatra/Hands-on/cbp/new/src/components/template/Layout.tsx","statementMap":{"0":{"start":{"line":5,"column":15},"end":{"line":18,"column":1}},"1":{"start":{"line":6,"column":2},"end":{"line":17,"column":4}}},"fnMap":{"0":{"name":"(anonymous_0)","decl":{"start":{"line":5,"column":15},"end":{"line":5,"column":16}},"loc":{"start":{"line":5,"column":40},"end":{"line":18,"column":1}},"line":5}},"branchMap":{},"s":{"0":0,"1":0},"f":{"0":0},"b":{}}
,"/Users/akshitbatra/Hands-on/cbp/new/src/pages/AddCab.js": {"path":"/Users/akshitbatra/Hands-on/cbp/new/src/pages/AddCab.js","statementMap":{"0":{"start":{"line":6,"column":24},"end":{"line":14,"column":3}},"1":{"start":{"line":16,"column":30},"end":{"line":16,"column":53}},"2":{"start":{"line":17,"column":36},"end":{"line":17,"column":66}},"3":{"start":{"line":18,"column":36},"end":{"line":18,"column":66}},"4":{"start":{"line":19,"column":38},"end":{"line":19,"column":70}},"5":{"start":{"line":21,"column":38},"end":{"line":21,"column":50}},"6":{"start":{"line":22,"column":42},"end":{"line":22,"column":75}},"7":{"start":{"line":23,"column":48},"end":{"line":23,"column":60}},"8":{"start":{"line":24,"column":44},"end":{"line":24,"column":56}},"9":{"start":{"line":26,"column":44},"end":{"line":26,"column":59}},"10":{"start":{"line":27,"column":44},"end":{"line":27,"column":59}},"11":{"start":{"line":28,"column":46},"end":{"line":28,"column":61}},"12":{"start":{"line":29,"column":46},"end":{"line":29,"column":61}},"13":{"start":{"line":30,"column":50},"end":{"line":30,"column":65}},"14":{"start":{"line":31,"column":56},"end":{"line":31,"column":71}},"15":{"start":{"line":32,"column":52},"end":{"line":32,"column":67}},"16":{"start":{"line":34,"column":40},"end":{"line":34,"column":55}},"17":{"start":{"line":35,"column":19},"end":{"line":35,"column":32}},"18":{"start":{"line":37,"column":2},"end":{"line":59,"column":5}},"19":{"start":{"line":38,"column":4},"end":{"line":50,"column":5}},"20":{"start":{"line":47,"column":6},"end":{"line":47,"column":27}},"21":{"start":{"line":49,"column":6},"end":{"line":49,"column":28}},"22":{"start":{"line":61,"column":28},"end":{"line":67,"column":3}},"23":{"start":{"line":62,"column":28},"end":{"line":62,"column":36}},"24":{"start":{"line":63,"column":24},"end":{"line":63,"column":36}},"25":{"start":{"line":64,"column":4},"end":{"line":66,"column":7}},"26":{"start":{"line":65,"column":6},"end":{"line":65,"column":51}},"27":{"start":{"line":69,"column":31},"end":{"line":76,"column":3}},"28":{"start":{"line":70,"column":4},"end":{"line":70,"column":27}},"29":{"start":{"line":71,"column":4},"end":{"line":74,"column":5}},"30":{"start":{"line":72,"column":6},"end":{"line":72,"column":41}},"31":{"start":{"line":73,"column":6},"end":{"line":73,"column":13}},"32":{"start":{"line":75,"column":4},"end":{"line":75,"column":21}},"33":{"start":{"line":78,"column":31},"end":{"line":85,"column":3}},"34":{"start":{"line":79,"column":4},"end":{"line":79,"column":27}},"35":{"start":{"line":80,"column":4},"end":{"line":83,"column":5}},"36":{"start":{"line":81,"column":6},"end":{"line":81,"column":41}},"37":{"start":{"line":82,"column":6},"end":{"line":82,"column":13}},"38":{"start":{"line":84,"column":4},"end":{"line":84,"column":21}},"39":{"start":{"line":87,"column":32},"end":{"line":94,"column":3}},"40":{"start":{"line":88,"column":4},"end":{"line":88,"column":28}},"41":{"start":{"line":89,"column":4},"end":{"line":92,"column":5}},"42":{"start":{"line":90,"column":6},"end":{"line":90,"column":44}},"43":{"start":{"line":91,"column":6},"end":{"line":91,"column":13}},"44":{"start":{"line":93,"column":4},"end":{"line":93,"column":22}},"45":{"start":{"line":96,"column":32},"end":{"line":98,"column":3}},"46":{"start":{"line":97,"column":4},"end":{"line":97,"column":28}},"47":{"start":{"line":100,"column":34},"end":{"line":115,"column":3}},"48":{"start":{"line":101,"column":4},"end":{"line":101,"column":30}},"49":{"start":{"line":102,"column":4},"end":{"line":105,"column":5}},"50":{"start":{"line":103,"column":6},"end":{"line":103,"column":47}},"51":{"start":{"line":104,"column":6},"end":{"line":104,"column":13}},"52":{"start":{"line":106,"column":4},"end":{"line":109,"column":5}},"53":{"start":{"line":107,"column":6},"end":{"line":107,"column":62}},"54":{"start":{"line":108,"column":6},"end":{"line":108,"column":13}},"55":{"start":{"line":110,"column":4},"end":{"line":113,"column":5}},"56":{"start":{"line":111,"column":6},"end":{"line":111,"column":58}},"57":{"start":{"line":112,"column":6},"end":{"line":112,"column":13}},"58":{"start":{"line":114,"column":4},"end":{"line":114,"column":24}},"59":{"start":{"line":117,"column":37},"end":{"line":130,"column":3}},"60":{"start":{"line":118,"column":4},"end":{"line":118,"column":33}},"61":{"start":{"line":119,"column":4},"end":{"line":128,"column":5}},"62":{"start":{"line":120,"column":18},"end":{"line":120,"column":28}},"63":{"start":{"line":121,"column":17},"end":{"line":121,"column":64}},"64":{"start":{"line":122,"column":6},"end":{"line":127,"column":7}},"65":{"start":{"line":123,"column":8},"end":{"line":125,"column":10}},"66":{"start":{"line":126,"column":8},"end":{"line":126,"column":15}},"67":{"start":{"line":129,"column":4},"end":{"line":129,"column":27}},"68":{"start":{"line":132,"column":35},"end":{"line":146,"column":3}},"69":{"start":{"line":133,"column":4},"end":{"line":133,"column":31}},"70":{"start":{"line":134,"column":4},"end":{"line":144,"column":5}},"71":{"start":{"line":135,"column":18},"end":{"line":135,"column":28}},"72":{"start":{"line":136,"column":21},"end":{"line":138,"column":68}},"73":{"start":{"line":138,"column":36},"end":{"line":138,"column":67}},"74":{"start":{"line":139,"column":17},"end":{"line":139,"column":79}},"75":{"start":{"line":140,"column":6},"end":{"line":143,"column":7}},"76":{"start":{"line":141,"column":8},"end":{"line":141,"column":59}},"77":{"start":{"line":142,"column":8},"end":{"line":142,"column":15}},"78":{"start":{"line":145,"column":4},"end":{"line":145,"column":25}},"79":{"start":{"line":148,"column":19},"end":{"line":151,"column":3}},"80":{"start":{"line":149,"column":4},"end":{"line":149,"column":38}},"81":{"start":{"line":150,"column":4},"end":{"line":150,"column":23}},"82":{"start":{"line":153,"column":23},"end":{"line":153,"column":60}},"83":{"start":{"line":154,"column":23},"end":{"line":154,"column":60}},"84":{"start":{"line":155,"column":24},"end":{"line":155,"column":63}},"85":{"start":{"line":156,"column":24},"end":{"line":156,"column":63}},"86":{"start":{"line":157,"column":26},"end":{"line":157,"column":69}},"87":{"start":{"line":158,"column":29},"end":{"line":158,"column":78}},"88":{"start":{"line":159,"column":27},"end":{"line":159,"column":72}},"89":{"start":{"line":160,"column":2},"end":{"line":278,"column":4}}},"fnMap":{"0":{"name":"AddCab","decl":{"start":{"line":5,"column":9},"end":{"line":5,"column":15}},"loc":{"start":{"line":5,"column":18},"end":{"line":279,"column":1}},"line":5},"1":{"name":"(anonymous_1)","decl":{"start":{"line":37,"column":12},"end":{"line":37,"column":13}},"loc":{"start":{"line":37,"column":18},"end":{"line":51,"column":3}},"line":37},"2":{"name":"(anonymous_2)","decl":{"start":{"line":61,"column":28},"end":{"line":61,"column":29}},"loc":{"start":{"line":61,"column":35},"end":{"line":67,"column":3}},"line":61},"3":{"name":"(anonymous_3)","decl":{"start":{"line":64,"column":14},"end":{"line":64,"column":15}},"loc":{"start":{"line":64,"column":29},"end":{"line":66,"column":5}},"line":64},"4":{"name":"(anonymous_4)","decl":{"start":{"line":69,"column":31},"end":{"line":69,"column":32}},"loc":{"start":{"line":69,"column":37},"end":{"line":76,"column":3}},"line":69},"5":{"name":"(anonymous_5)","decl":{"start":{"line":78,"column":31},"end":{"line":78,"column":32}},"loc":{"start":{"line":78,"column":37},"end":{"line":85,"column":3}},"line":78},"6":{"name":"(anonymous_6)","decl":{"start":{"line":87,"column":32},"end":{"line":87,"column":33}},"loc":{"start":{"line":87,"column":38},"end":{"line":94,"column":3}},"line":87},"7":{"name":"(anonymous_7)","decl":{"start":{"line":96,"column":32},"end":{"line":96,"column":33}},"loc":{"start":{"line":96,"column":38},"end":{"line":98,"column":3}},"line":96},"8":{"name":"(anonymous_8)","decl":{"start":{"line":100,"column":34},"end":{"line":100,"column":35}},"loc":{"start":{"line":100,"column":40},"end":{"line":115,"column":3}},"line":100},"9":{"name":"(anonymous_9)","decl":{"start":{"line":117,"column":37},"end":{"line":117,"column":38}},"loc":{"start":{"line":117,"column":43},"end":{"line":130,"column":3}},"line":117},"10":{"name":"(anonymous_10)","decl":{"start":{"line":132,"column":35},"end":{"line":132,"column":36}},"loc":{"start":{"line":132,"column":41},"end":{"line":146,"column":3}},"line":132},"11":{"name":"(anonymous_11)","decl":{"start":{"line":138,"column":16},"end":{"line":138,"column":17}},"loc":{"start":{"line":138,"column":36},"end":{"line":138,"column":67}},"line":138},"12":{"name":"(anonymous_12)","decl":{"start":{"line":148,"column":19},"end":{"line":148,"column":20}},"loc":{"start":{"line":148,"column":26},"end":{"line":151,"column":3}},"line":148}},"branchMap":{"0":{"loc":{"start":{"line":38,"column":4},"end":{"line":50,"column":5}},"type":"if","locations":[{"start":{"line":38,"column":4},"end":{"line":50,"column":5}},{"start":{"line":48,"column":11},"end":{"line":50,"column":5}}],"line":38},"1":{"loc":{"start":{"line":39,"column":6},"end":{"line":45,"column":30}},"type":"binary-expr","locations":[{"start":{"line":39,"column":6},"end":{"line":39,"column":26}},{"start":{"line":40,"column":6},"end":{"line":40,"column":26}},{"start":{"line":41,"column":6},"end":{"line":41,"column":27}},{"start":{"line":42,"column":6},"end":{"line":42,"column":27}},{"start":{"line":43,"column":6},"end":{"line":43,"column":29}},{"start":{"line":44,"column":6},"end":{"line":44,"column":32}},{"start":{"line":45,"column":6},"end":{"line":45,"column":30}}],"line":39},"2":{"loc":{"start":{"line":71,"column":4},"end":{"line":74,"column":5}},"type":"if","locations":[{"start":{"line":71,"column":4},"end":{"line":74,"column":5}},{"start":{},"end":{}}],"line":71},"3":{"loc":{"start":{"line":80,"column":4},"end":{"line":83,"column":5}},"type":"if","locations":[{"start":{"line":80,"column":4},"end":{"line":83,"column":5}},{"start":{},"end":{}}],"line":80},"4":{"loc":{"start":{"line":89,"column":4},"end":{"line":92,"column":5}},"type":"if","locations":[{"start":{"line":89,"column":4},"end":{"line":92,"column":5}},{"start":{},"end":{}}],"line":89},"5":{"loc":{"start":{"line":102,"column":4},"end":{"line":105,"column":5}},"type":"if","locations":[{"start":{"line":102,"column":4},"end":{"line":105,"column":5}},{"start":{},"end":{}}],"line":102},"6":{"loc":{"start":{"line":106,"column":4},"end":{"line":109,"column":5}},"type":"if","locations":[{"start":{"line":106,"column":4},"end":{"line":109,"column":5}},{"start":{},"end":{}}],"line":106},"7":{"loc":{"start":{"line":110,"column":4},"end":{"line":113,"column":5}},"type":"if","locations":[{"start":{"line":110,"column":4},"end":{"line":113,"column":5}},{"start":{},"end":{}}],"line":110},"8":{"loc":{"start":{"line":119,"column":4},"end":{"line":128,"column":5}},"type":"if","locations":[{"start":{"line":119,"column":4},"end":{"line":128,"column":5}},{"start":{},"end":{}}],"line":119},"9":{"loc":{"start":{"line":122,"column":6},"end":{"line":127,"column":7}},"type":"if","locations":[{"start":{"line":122,"column":6},"end":{"line":127,"column":7}},{"start":{},"end":{}}],"line":122},"10":{"loc":{"start":{"line":134,"column":4},"end":{"line":144,"column":5}},"type":"if","locations":[{"start":{"line":134,"column":4},"end":{"line":144,"column":5}},{"start":{},"end":{}}],"line":134},"11":{"loc":{"start":{"line":138,"column":17},"end":{"line":138,"column":26}},"type":"default-arg","locations":[{"start":{"line":138,"column":25},"end":{"line":138,"column":26}}],"line":138},"12":{"loc":{"start":{"line":140,"column":6},"end":{"line":143,"column":7}},"type":"if","locations":[{"start":{"line":140,"column":6},"end":{"line":143,"column":7}},{"start":{},"end":{}}],"line":140},"13":{"loc":{"start":{"line":153,"column":23},"end":{"line":153,"column":60}},"type":"binary-expr","locations":[{"start":{"line":153,"column":23},"end":{"line":153,"column":43}},{"start":{"line":153,"column":47},"end":{"line":153,"column":60}}],"line":153},"14":{"loc":{"start":{"line":154,"column":23},"end":{"line":154,"column":60}},"type":"binary-expr","locations":[{"start":{"line":154,"column":23},"end":{"line":154,"column":43}},{"start":{"line":154,"column":47},"end":{"line":154,"column":60}}],"line":154},"15":{"loc":{"start":{"line":155,"column":24},"end":{"line":155,"column":63}},"type":"binary-expr","locations":[{"start":{"line":155,"column":24},"end":{"line":155,"column":45}},{"start":{"line":155,"column":49},"end":{"line":155,"column":63}}],"line":155},"16":{"loc":{"start":{"line":156,"column":24},"end":{"line":156,"column":63}},"type":"binary-expr","locations":[{"start":{"line":156,"column":24},"end":{"line":156,"column":45}},{"start":{"line":156,"column":49},"end":{"line":156,"column":63}}],"line":156},"17":{"loc":{"start":{"line":157,"column":26},"end":{"line":157,"column":69}},"type":"binary-expr","locations":[{"start":{"line":157,"column":26},"end":{"line":157,"column":49}},{"start":{"line":157,"column":53},"end":{"line":157,"column":69}}],"line":157},"18":{"loc":{"start":{"line":158,"column":29},"end":{"line":158,"column":78}},"type":"binary-expr","locations":[{"start":{"line":158,"column":29},"end":{"line":158,"column":55}},{"start":{"line":158,"column":59},"end":{"line":158,"column":78}}],"line":158},"19":{"loc":{"start":{"line":159,"column":27},"end":{"line":159,"column":72}},"type":"binary-expr","locations":[{"start":{"line":159,"column":27},"end":{"line":159,"column":51}},{"start":{"line":159,"column":55},"end":{"line":159,"column":72}}],"line":159},"20":{"loc":{"start":{"line":170,"column":16},"end":{"line":170,"column":48}},"type":"cond-expr","locations":[{"start":{"line":170,"column":31},"end":{"line":170,"column":43}},{"start":{"line":170,"column":46},"end":{"line":170,"column":48}}],"line":170},"21":{"loc":{"start":{"line":180,"column":13},"end":{"line":180,"column":75}},"type":"binary-expr","locations":[{"start":{"line":180,"column":13},"end":{"line":180,"column":25}},{"start":{"line":180,"column":29},"end":{"line":180,"column":75}}],"line":180},"22":{"loc":{"start":{"line":187,"column":41},"end":{"line":187,"column":73}},"type":"cond-expr","locations":[{"start":{"line":187,"column":56},"end":{"line":187,"column":68}},{"start":{"line":187,"column":71},"end":{"line":187,"column":73}}],"line":187},"23":{"loc":{"start":{"line":192,"column":13},"end":{"line":192,"column":75}},"type":"binary-expr","locations":[{"start":{"line":192,"column":13},"end":{"line":192,"column":25}},{"start":{"line":192,"column":29},"end":{"line":192,"column":75}}],"line":192},"24":{"loc":{"start":{"line":201,"column":43},"end":{"line":201,"column":76}},"type":"cond-expr","locations":[{"start":{"line":201,"column":59},"end":{"line":201,"column":71}},{"start":{"line":201,"column":74},"end":{"line":201,"column":76}}],"line":201},"25":{"loc":{"start":{"line":207,"column":15},"end":{"line":207,"column":79}},"type":"binary-expr","locations":[{"start":{"line":207,"column":15},"end":{"line":207,"column":28}},{"start":{"line":207,"column":32},"end":{"line":207,"column":79}}],"line":207},"26":{"loc":{"start":{"line":212,"column":43},"end":{"line":212,"column":76}},"type":"cond-expr","locations":[{"start":{"line":212,"column":59},"end":{"line":212,"column":71}},{"start":{"line":212,"column":74},"end":{"line":212,"column":76}}],"line":212},"27":{"loc":{"start":{"line":218,"column":15},"end":{"line":218,"column":79}},"type":"binary-expr","locations":[{"start":{"line":218,"column":15},"end":{"line":218,"column":28}},{"start":{"line":218,"column":32},"end":{"line":218,"column":79}}],"line":218},"28":{"loc":{"start":{"line":224,"column":18},"end":{"line":224,"column":53}},"type":"cond-expr","locations":[{"start":{"line":224,"column":36},"end":{"line":224,"column":48}},{"start":{"line":224,"column":51},"end":{"line":224,"column":53}}],"line":224},"29":{"loc":{"start":{"line":231,"column":15},"end":{"line":233,"column":15}},"type":"binary-expr","locations":[{"start":{"line":231,"column":15},"end":{"line":231,"column":30}},{"start":{"line":232,"column":16},"end":{"line":232,"column":65}}],"line":231},"30":{"loc":{"start":{"line":242,"column":16},"end":{"line":242,"column":54}},"type":"cond-expr","locations":[{"start":{"line":242,"column":37},"end":{"line":242,"column":49}},{"start":{"line":242,"column":52},"end":{"line":242,"column":54}}],"line":242},"31":{"loc":{"start":{"line":248,"column":13},"end":{"line":252,"column":13}},"type":"cond-expr","locations":[{"start":{"line":249,"column":14},"end":{"line":249,"column":66}},{"start":{"line":251,"column":14},"end":{"line":251,"column":72}}],"line":248},"32":{"loc":{"start":{"line":259,"column":41},"end":{"line":259,"column":77}},"type":"cond-expr","locations":[{"start":{"line":259,"column":60},"end":{"line":259,"column":72}},{"start":{"line":259,"column":75},"end":{"line":259,"column":77}}],"line":259},"33":{"loc":{"start":{"line":264,"column":13},"end":{"line":266,"column":13}},"type":"binary-expr","locations":[{"start":{"line":264,"column":13},"end":{"line":264,"column":29}},{"start":{"line":265,"column":14},"end":{"line":265,"column":64}}],"line":264}},"s":{"0":0,"1":0,"2":0,"3":0,"4":0,"5":0,"6":0,"7":0,"8":0,"9":0,"10":0,"11":0,"12":0,"13":0,"14":0,"15":0,"16":0,"17":0,"18":0,"19":0,"20":0,"21":0,"22":0,"23":0,"24":0,"25":0,"26":0,"27":0,"28":0,"29":0,"30":0,"31":0,"32":0,"33":0,"34":0,"35":0,"36":0,"37":0,"38":0,"39":0,"40":0,"41":0,"42":0,"43":0,"44":0,"45":0,"46":0,"47":0,"48":0,"49":0,"50":0,"51":0,"52":0,"53":0,"54":0,"55":0,"56":0,"57":0,"58":0,"59":0,"60":0,"61":0,"62":0,"63":0,"64":0,"65":0,"66":0,"67":0,"68":0,"69":0,"70":0,"71":0,"72":0,"73":0,"74":0,"75":0,"76":0,"77":0,"78":0,"79":0,"80":0,"81":0,"82":0,"83":0,"84":0,"85":0,"86":0,"87":0,"88":0,"89":0},"f":{"0":0,"1":0,"2":0,"3":0,"4":0,"5":0,"6":0,"7":0,"8":0,"9":0,"10":0,"11":0,"12":0},"b":{"0":[0,0],"1":[0,0,0,0,0,0,0],"2":[0,0],"3":[0,0],"4":[0,0],"5":[0,0],"6":[0,0],"7":[0,0],"8":[0,0],"9":[0,0],"10":[0,0],"11":[0],"12":[0,0],"13":[0,0],"14":[0,0],"15":[0,0],"16":[0,0],"17":[0,0],"18":[0,0],"19":[0,0],"20":[0,0],"21":[0,0],"22":[0,0],"23":[0,0],"24":[0,0],"25":[0,0],"26":[0,0],"27":[0,0],"28":[0,0],"29":[0,0],"30":[0,0],"31":[0,0],"32":[0,0],"33":[0,0]}}
,"/Users/akshitbatra/Hands-on/cbp/new/src/pages/AddRoute.js": {"path":"/Users/akshitbatra/Hands-on/cbp/new/src/pages/AddRoute.js","statementMap":{"0":{"start":{"line":7,"column":24},"end":{"line":7,"column":56}},"1":{"start":{"line":9,"column":17},"end":{"line":422,"column":1}},"2":{"start":{"line":10,"column":25},"end":{"line":16,"column":3}},"3":{"start":{"line":11,"column":24},"end":{"line":11,"column":34}},"4":{"start":{"line":12,"column":17},"end":{"line":12,"column":42}},"5":{"start":{"line":13,"column":18},"end":{"line":13,"column":74}},"6":{"start":{"line":14,"column":16},"end":{"line":14,"column":65}},"7":{"start":{"line":15,"column":4},"end":{"line":15,"column":37}},"8":{"start":{"line":18,"column":26},"end":{"line":25,"column":3}},"9":{"start":{"line":27,"column":29},"end":{"line":33,"column":3}},"10":{"start":{"line":35,"column":23},"end":{"line":91,"column":3}},"11":{"start":{"line":93,"column":32},"end":{"line":93,"column":60}},"12":{"start":{"line":94,"column":26},"end":{"line":94,"column":51}},"13":{"start":{"line":95,"column":36},"end":{"line":95,"column":58}},"14":{"start":{"line":96,"column":46},"end":{"line":98,"column":3}},"15":{"start":{"line":99,"column":24},"end":{"line":99,"column":29}},"16":{"start":{"line":102,"column":4},"end":{"line":108,"column":34}},"17":{"start":{"line":110,"column":2},"end":{"line":118,"column":5}},"18":{"start":{"line":111,"column":4},"end":{"line":116,"column":9}},"19":{"start":{"line":112,"column":25},"end":{"line":114,"column":7}},"20":{"start":{"line":115,"column":6},"end":{"line":115,"column":61}},"21":{"start":{"line":117,"column":4},"end":{"line":117,"column":20}},"22":{"start":{"line":120,"column":2},"end":{"line":146,"column":34}},"23":{"start":{"line":121,"column":18},"end":{"line":142,"column":11}},"24":{"start":{"line":122,"column":6},"end":{"line":141,"column":7}},"25":{"start":{"line":125,"column":12},"end":{"line":125,"column":79}},"26":{"start":{"line":128,"column":8},"end":{"line":140,"column":11}},"27":{"start":{"line":129,"column":29},"end":{"line":129,"column":48}},"28":{"start":{"line":130,"column":36},"end":{"line":135,"column":11}},"29":{"start":{"line":136,"column":10},"end":{"line":139,"column":12}},"30":{"start":{"line":143,"column":4},"end":{"line":145,"column":6}},"31":{"start":{"line":144,"column":6},"end":{"line":144,"column":26}},"32":{"start":{"line":148,"column":28},"end":{"line":160,"column":3}},"33":{"start":{"line":149,"column":28},"end":{"line":149,"column":40}},"34":{"start":{"line":150,"column":4},"end":{"line":159,"column":8}},"35":{"start":{"line":150,"column":33},"end":{"line":159,"column":5}},"36":{"start":{"line":162,"column":26},"end":{"line":167,"column":3}},"37":{"start":{"line":163,"column":4},"end":{"line":163,"column":31}},"38":{"start":{"line":164,"column":4},"end":{"line":164,"column":28}},"39":{"start":{"line":165,"column":4},"end":{"line":165,"column":26}},"40":{"start":{"line":166,"column":4},"end":{"line":166,"column":29}},"41":{"start":{"line":169,"column":23},"end":{"line":192,"column":3}},"42":{"start":{"line":170,"column":4},"end":{"line":170,"column":27}},"43":{"start":{"line":171,"column":4},"end":{"line":171,"column":27}},"44":{"start":{"line":172,"column":4},"end":{"line":186,"column":5}},"45":{"start":{"line":173,"column":26},"end":{"line":184,"column":7}},"46":{"start":{"line":185,"column":6},"end":{"line":185,"column":47}},"47":{"start":{"line":194,"column":29},"end":{"line":207,"column":3}},"48":{"start":{"line":195,"column":25},"end":{"line":195,"column":43}},"49":{"start":{"line":196,"column":4},"end":{"line":196,"column":36}},"50":{"start":{"line":197,"column":4},"end":{"line":206,"column":5}},"51":{"start":{"line":198,"column":17},"end":{"line":200,"column":7}},"52":{"start":{"line":201,"column":6},"end":{"line":201,"column":29}},"53":{"start":{"line":202,"column":6},"end":{"line":202,"column":78}},"54":{"start":{"line":202,"column":39},"end":{"line":202,"column":76}},"55":{"start":{"line":203,"column":6},"end":{"line":203,"column":44}},"56":{"start":{"line":205,"column":6},"end":{"line":205,"column":31}},"57":{"start":{"line":209,"column":24},"end":{"line":237,"column":3}},"58":{"start":{"line":210,"column":4},"end":{"line":210,"column":68}},"59":{"start":{"line":210,"column":49},"end":{"line":210,"column":68}},"60":{"start":{"line":211,"column":4},"end":{"line":235,"column":5}},"61":{"start":{"line":212,"column":6},"end":{"line":214,"column":7}},"62":{"start":{"line":213,"column":8},"end":{"line":213,"column":46}},"63":{"start":{"line":215,"column":29},"end":{"line":217,"column":7}},"64":{"start":{"line":216,"column":8},"end":{"line":216,"column":37}},"65":{"start":{"line":218,"column":6},"end":{"line":222,"column":7}},"66":{"start":{"line":219,"column":26},"end":{"line":219,"column":73}},"67":{"start":{"line":220,"column":8},"end":{"line":221,"column":81}},"68":{"start":{"line":221,"column":10},"end":{"line":221,"column":81}},"69":{"start":{"line":223,"column":6},"end":{"line":225,"column":7}},"70":{"start":{"line":224,"column":8},"end":{"line":224,"column":61}},"71":{"start":{"line":226,"column":31},"end":{"line":228,"column":7}},"72":{"start":{"line":227,"column":8},"end":{"line":227,"column":39}},"73":{"start":{"line":229,"column":6},"end":{"line":234,"column":7}},"74":{"start":{"line":230,"column":23},"end":{"line":230,"column":72}},"75":{"start":{"line":231,"column":8},"end":{"line":233,"column":9}},"76":{"start":{"line":232,"column":10},"end":{"line":232,"column":78}},"77":{"start":{"line":236,"column":4},"end":{"line":236,"column":21}},"78":{"start":{"line":239,"column":25},"end":{"line":243,"column":3}},"79":{"start":{"line":240,"column":4},"end":{"line":242,"column":5}},"80":{"start":{"line":241,"column":6},"end":{"line":241,"column":30}},"81":{"start":{"line":245,"column":24},"end":{"line":256,"column":3}},"82":{"start":{"line":246,"column":28},"end":{"line":246,"column":40}},"83":{"start":{"line":247,"column":18},"end":{"line":247,"column":55}},"84":{"start":{"line":248,"column":4},"end":{"line":255,"column":8}},"85":{"start":{"line":248,"column":33},"end":{"line":255,"column":5}},"86":{"start":{"line":258,"column":2},"end":{"line":421,"column":4}},"87":{"start":{"line":282,"column":37},"end":{"line":282,"column":57}},"88":{"start":{"line":298,"column":37},"end":{"line":298,"column":57}},"89":{"start":{"line":314,"column":37},"end":{"line":314,"column":57}},"90":{"start":{"line":330,"column":37},"end":{"line":330,"column":57}},"91":{"start":{"line":348,"column":37},"end":{"line":348,"column":57}},"92":{"start":{"line":359,"column":20},"end":{"line":359,"column":65}},"93":{"start":{"line":373,"column":20},"end":{"line":373,"column":65}}},"fnMap":{"0":{"name":"(anonymous_0)","decl":{"start":{"line":9,"column":17},"end":{"line":9,"column":18}},"loc":{"start":{"line":9,"column":28},"end":{"line":422,"column":1}},"line":9},"1":{"name":"(anonymous_1)","decl":{"start":{"line":10,"column":25},"end":{"line":10,"column":26}},"loc":{"start":{"line":10,"column":31},"end":{"line":16,"column":3}},"line":10},"2":{"name":"(anonymous_2)","decl":{"start":{"line":110,"column":12},"end":{"line":110,"column":13}},"loc":{"start":{"line":110,"column":18},"end":{"line":118,"column":3}},"line":110},"3":{"name":"(anonymous_3)","decl":{"start":{"line":111,"column":5},"end":{"line":111,"column":6}},"loc":{"start":{"line":111,"column":17},"end":{"line":116,"column":5}},"line":111},"4":{"name":"(anonymous_4)","decl":{"start":{"line":117,"column":11},"end":{"line":117,"column":12}},"loc":{"start":{"line":117,"column":17},"end":{"line":117,"column":19}},"line":117},"5":{"name":"(anonymous_5)","decl":{"start":{"line":120,"column":12},"end":{"line":120,"column":13}},"loc":{"start":{"line":120,"column":18},"end":{"line":146,"column":3}},"line":120},"6":{"name":"(anonymous_6)","decl":{"start":{"line":121,"column":29},"end":{"line":121,"column":30}},"loc":{"start":{"line":121,"column":35},"end":{"line":142,"column":5}},"line":121},"7":{"name":"(anonymous_7)","decl":{"start":{"line":124,"column":10},"end":{"line":124,"column":11}},"loc":{"start":{"line":125,"column":12},"end":{"line":125,"column":79}},"line":125},"8":{"name":"(anonymous_8)","decl":{"start":{"line":128,"column":21},"end":{"line":128,"column":22}},"loc":{"start":{"line":128,"column":36},"end":{"line":140,"column":9}},"line":128},"9":{"name":"(anonymous_9)","decl":{"start":{"line":143,"column":11},"end":{"line":143,"column":12}},"loc":{"start":{"line":143,"column":17},"end":{"line":145,"column":5}},"line":143},"10":{"name":"(anonymous_10)","decl":{"start":{"line":148,"column":28},"end":{"line":148,"column":29}},"loc":{"start":{"line":148,"column":39},"end":{"line":160,"column":3}},"line":148},"11":{"name":"(anonymous_11)","decl":{"start":{"line":150,"column":17},"end":{"line":150,"column":18}},"loc":{"start":{"line":150,"column":33},"end":{"line":159,"column":5}},"line":150},"12":{"name":"(anonymous_12)","decl":{"start":{"line":162,"column":26},"end":{"line":162,"column":27}},"loc":{"start":{"line":162,"column":32},"end":{"line":167,"column":3}},"line":162},"13":{"name":"(anonymous_13)","decl":{"start":{"line":169,"column":23},"end":{"line":169,"column":24}},"loc":{"start":{"line":169,"column":40},"end":{"line":192,"column":3}},"line":169},"14":{"name":"(anonymous_14)","decl":{"start":{"line":194,"column":29},"end":{"line":194,"column":30}},"loc":{"start":{"line":194,"column":46},"end":{"line":207,"column":3}},"line":194},"15":{"name":"(anonymous_15)","decl":{"start":{"line":202,"column":30},"end":{"line":202,"column":31}},"loc":{"start":{"line":202,"column":39},"end":{"line":202,"column":76}},"line":202},"16":{"name":"(anonymous_16)","decl":{"start":{"line":209,"column":24},"end":{"line":209,"column":25}},"loc":{"start":{"line":209,"column":42},"end":{"line":237,"column":3}},"line":209},"17":{"name":"(anonymous_17)","decl":{"start":{"line":215,"column":57},"end":{"line":215,"column":58}},"loc":{"start":{"line":216,"column":8},"end":{"line":216,"column":37}},"line":216},"18":{"name":"(anonymous_18)","decl":{"start":{"line":226,"column":59},"end":{"line":226,"column":60}},"loc":{"start":{"line":227,"column":8},"end":{"line":227,"column":39}},"line":227},"19":{"name":"(anonymous_19)","decl":{"start":{"line":239,"column":25},"end":{"line":239,"column":26}},"loc":{"start":{"line":239,"column":41},"end":{"line":243,"column":3}},"line":239},"20":{"name":"(anonymous_20)","decl":{"start":{"line":245,"column":24},"end":{"line":245,"column":25}},"loc":{"start":{"line":245,"column":35},"end":{"line":256,"column":3}},"line":245},"21":{"name":"(anonymous_21)","decl":{"start":{"line":248,"column":17},"end":{"line":248,"column":18}},"loc":{"start":{"line":248,"column":33},"end":{"line":255,"column":5}},"line":248},"22":{"name":"(anonymous_22)","decl":{"start":{"line":282,"column":26},"end":{"line":282,"column":27}},"loc":{"start":{"line":282,"column":37},"end":{"line":282,"column":57}},"line":282},"23":{"name":"(anonymous_23)","decl":{"start":{"line":298,"column":26},"end":{"line":298,"column":27}},"loc":{"start":{"line":298,"column":37},"end":{"line":298,"column":57}},"line":298},"24":{"name":"(anonymous_24)","decl":{"start":{"line":314,"column":26},"end":{"line":314,"column":27}},"loc":{"start":{"line":314,"column":37},"end":{"line":314,"column":57}},"line":314},"25":{"name":"(anonymous_25)","decl":{"start":{"line":330,"column":26},"end":{"line":330,"column":27}},"loc":{"start":{"line":330,"column":37},"end":{"line":330,"column":57}},"line":330},"26":{"name":"(anonymous_26)","decl":{"start":{"line":348,"column":26},"end":{"line":348,"column":27}},"loc":{"start":{"line":348,"column":37},"end":{"line":348,"column":57}},"line":348},"27":{"name":"(anonymous_27)","decl":{"start":{"line":358,"column":39},"end":{"line":358,"column":40}},"loc":{"start":{"line":358,"column":51},"end":{"line":360,"column":19}},"line":358},"28":{"name":"(anonymous_28)","decl":{"start":{"line":372,"column":36},"end":{"line":372,"column":37}},"loc":{"start":{"line":372,"column":45},"end":{"line":374,"column":19}},"line":372}},"branchMap":{"0":{"loc":{"start":{"line":102,"column":4},"end":{"line":108,"column":34}},"type":"binary-expr","locations":[{"start":{"line":102,"column":4},"end":{"line":102,"column":32}},{"start":{"line":103,"column":4},"end":{"line":103,"column":31}},{"start":{"line":104,"column":4},"end":{"line":104,"column":31}},{"start":{"line":105,"column":4},"end":{"line":105,"column":30}},{"start":{"line":106,"column":4},"end":{"line":106,"column":34}},{"start":{"line":107,"column":4},"end":{"line":107,"column":30}},{"start":{"line":108,"column":4},"end":{"line":108,"column":34}}],"line":102},"1":{"loc":{"start":{"line":122,"column":6},"end":{"line":141,"column":7}},"type":"if","locations":[{"start":{"line":122,"column":6},"end":{"line":141,"column":7}},{"start":{},"end":{}}],"line":122},"2":{"loc":{"start":{"line":155,"column":15},"end":{"line":157,"column":33}},"type":"cond-expr","locations":[{"start":{"line":156,"column":12},"end":{"line":156,"column":49}},{"start":{"line":157,"column":12},"end":{"line":157,"column":33}}],"line":155},"3":{"loc":{"start":{"line":172,"column":4},"end":{"line":186,"column":5}},"type":"if","locations":[{"start":{"line":172,"column":4},"end":{"line":186,"column":5}},{"start":{},"end":{}}],"line":172},"4":{"loc":{"start":{"line":181,"column":10},"end":{"line":183,"column":39}},"type":"cond-expr","locations":[{"start":{"line":182,"column":14},"end":{"line":182,"column":18}},{"start":{"line":183,"column":14},"end":{"line":183,"column":39}}],"line":181},"5":{"loc":{"start":{"line":197,"column":4},"end":{"line":206,"column":5}},"type":"if","locations":[{"start":{"line":197,"column":4},"end":{"line":206,"column":5}},{"start":{"line":204,"column":11},"end":{"line":206,"column":5}}],"line":197},"6":{"loc":{"start":{"line":210,"column":4},"end":{"line":210,"column":68}},"type":"if","locations":[{"start":{"line":210,"column":4},"end":{"line":210,"column":68}},{"start":{},"end":{}}],"line":210},"7":{"loc":{"start":{"line":211,"column":4},"end":{"line":235,"column":5}},"type":"if","locations":[{"start":{"line":211,"column":4},"end":{"line":235,"column":5}},{"start":{},"end":{}}],"line":211},"8":{"loc":{"start":{"line":212,"column":6},"end":{"line":214,"column":7}},"type":"if","locations":[{"start":{"line":212,"column":6},"end":{"line":214,"column":7}},{"start":{},"end":{}}],"line":212},"9":{"loc":{"start":{"line":212,"column":10},"end":{"line":212,"column":68}},"type":"binary-expr","locations":[{"start":{"line":212,"column":10},"end":{"line":212,"column":48}},{"start":{"line":212,"column":52},"end":{"line":212,"column":68}}],"line":212},"10":{"loc":{"start":{"line":218,"column":6},"end":{"line":222,"column":7}},"type":"if","locations":[{"start":{"line":218,"column":6},"end":{"line":222,"column":7}},{"start":{},"end":{}}],"line":218},"11":{"loc":{"start":{"line":220,"column":8},"end":{"line":221,"column":81}},"type":"if","locations":[{"start":{"line":220,"column":8},"end":{"line":221,"column":81}},{"start":{},"end":{}}],"line":220},"12":{"loc":{"start":{"line":223,"column":6},"end":{"line":225,"column":7}},"type":"if","locations":[{"start":{"line":223,"column":6},"end":{"line":225,"column":7}},{"start":{},"end":{}}],"line":223},"13":{"loc":{"start":{"line":223,"column":10},"end":{"line":223,"column":71}},"type":"binary-expr","locations":[{"start":{"line":223,"column":10},"end":{"line":223,"column":47}},{"start":{"line":223,"column":51},"end":{"line":223,"column":71}}],"line":223},"14":{"loc":{"start":{"line":229,"column":6},"end":{"line":234,"column":7}},"type":"if","locations":[{"start":{"line":229,"column":6},"end":{"line":234,"column":7}},{"start":{},"end":{}}],"line":229},"15":{"loc":{"start":{"line":229,"column":10},"end":{"line":229,"column":51}},"type":"binary-expr","locations":[{"start":{"line":229,"column":10},"end":{"line":229,"column":31}},{"start":{"line":229,"column":35},"end":{"line":229,"column":51}}],"line":229},"16":{"loc":{"start":{"line":231,"column":8},"end":{"line":233,"column":9}},"type":"if","locations":[{"start":{"line":231,"column":8},"end":{"line":233,"column":9}},{"start":{},"end":{}}],"line":231},"17":{"loc":{"start":{"line":240,"column":4},"end":{"line":242,"column":5}},"type":"if","locations":[{"start":{"line":240,"column":4},"end":{"line":242,"column":5}},{"start":{},"end":{}}],"line":240},"18":{"loc":{"start":{"line":240,"column":8},"end":{"line":240,"column":69}},"type":"binary-expr","locations":[{"start":{"line":240,"column":8},"end":{"line":240,"column":24}},{"start":{"line":240,"column":29},"end":{"line":240,"column":49}},{"start":{"line":240,"column":53},"end":{"line":240,"column":68}}],"line":240},"19":{"loc":{"start":{"line":253,"column":15},"end":{"line":253,"column":40}},"type":"cond-expr","locations":[{"start":{"line":253,"column":23},"end":{"line":253,"column":28}},{"start":{"line":253,"column":31},"end":{"line":253,"column":40}}],"line":253}},"s":{"0":0,"1":0,"2":0,"3":0,"4":0,"5":0,"6":0,"7":0,"8":0,"9":0,"10":0,"11":0,"12":0,"13":0,"14":0,"15":0,"16":0,"17":0,"18":0,"19":0,"20":0,"21":0,"22":0,"23":0,"24":0,"25":0,"26":0,"27":0,"28":0,"29":0,"30":0,"31":0,"32":0,"33":0,"34":0,"35":0,"36":0,"37":0,"38":0,"39":0,"40":0,"41":0,"42":0,"43":0,"44":0,"45":0,"46":0,"47":0,"48":0,"49":0,"50":0,"51":0,"52":0,"53":0,"54":0,"55":0,"56":0,"57":0,"58":0,"59":0,"60":0,"61":0,"62":0,"63":0,"64":0,"65":0,"66":0,"67":0,"68":0,"69":0,"70":0,"71":0,"72":0,"73":0,"74":0,"75":0,"76":0,"77":0,"78":0,"79":0,"80":0,"81":0,"82":0,"83":0,"84":0,"85":0,"86":0,"87":0,"88":0,"89":0,"90":0,"91":0,"92":0,"93":0},"f":{"0":0,"1":0,"2":0,"3":0,"4":0,"5":0,"6":0,"7":0,"8":0,"9":0,"10":0,"11":0,"12":0,"13":0,"14":0,"15":0,"16":0,"17":0,"18":0,"19":0,"20":0,"21":0,"22":0,"23":0,"24":0,"25":0,"26":0,"27":0,"28":0},"b":{"0":[0,0,0,0,0,0,0],"1":[0,0],"2":[0,0],"3":[0,0],"4":[0,0],"5":[0,0],"6":[0,0],"7":[0,0],"8":[0,0],"9":[0,0],"10":[0,0],"11":[0,0],"12":[0,0],"13":[0,0],"14":[0,0],"15":[0,0],"16":[0,0],"17":[0,0],"18":[0,0,0],"19":[0,0]}}
,"/Users/akshitbatra/Hands-on/cbp/new/src/pages/Booking.js": {"path":"/Users/akshitbatra/Hands-on/cbp/new/src/pages/Booking.js","statementMap":{"0":{"start":{"line":3,"column":16},"end":{"line":5,"column":1}},"1":{"start":{"line":4,"column":2},"end":{"line":4,"column":51}}},"fnMap":{"0":{"name":"(anonymous_0)","decl":{"start":{"line":3,"column":16},"end":{"line":3,"column":17}},"loc":{"start":{"line":3,"column":27},"end":{"line":5,"column":1}},"line":3}},"branchMap":{},"s":{"0":0,"1":0},"f":{"0":0},"b":{}}
,"/Users/akshitbatra/Hands-on/cbp/new/src/pages/Bookingconfirmation.js": {"path":"/Users/akshitbatra/Hands-on/cbp/new/src/pages/Bookingconfirmation.js","statementMap":{"0":{"start":{"line":5,"column":28},"end":{"line":80,"column":1}},"1":{"start":{"line":6,"column":22},"end":{"line":6,"column":74}},"2":{"start":{"line":6,"column":32},"end":{"line":6,"column":74}},"3":{"start":{"line":8,"column":40},"end":{"line":16,"column":4}},"4":{"start":{"line":18,"column":22},"end":{"line":22,"column":3}},"5":{"start":{"line":19,"column":4},"end":{"line":21,"column":47}},"6":{"start":{"line":20,"column":6},"end":{"line":20,"column":45}},"7":{"start":{"line":21,"column":11},"end":{"line":21,"column":47}},"8":{"start":{"line":24,"column":20},"end":{"line":27,"column":3}},"9":{"start":{"line":25,"column":16},"end":{"line":25,"column":66}},"10":{"start":{"line":25,"column":37},"end":{"line":25,"column":65}},"11":{"start":{"line":26,"column":4},"end":{"line":26,"column":24}},"12":{"start":{"line":28,"column":22},"end":{"line":51,"column":3}},"13":{"start":{"line":29,"column":4},"end":{"line":50,"column":6}},"14":{"start":{"line":52,"column":2},"end":{"line":79,"column":4}},"15":{"start":{"line":57,"column":12},"end":{"line":71,"column":18}},"16":{"start":{"line":60,"column":36},"end":{"line":60,"column":61}}},"fnMap":{"0":{"name":"(anonymous_0)","decl":{"start":{"line":5,"column":28},"end":{"line":5,"column":29}},"loc":{"start":{"line":5,"column":43},"end":{"line":80,"column":1}},"line":5},"1":{"name":"(anonymous_1)","decl":{"start":{"line":6,"column":22},"end":{"line":6,"column":23}},"loc":{"start":{"line":6,"column":32},"end":{"line":6,"column":74}},"line":6},"2":{"name":"(anonymous_2)","decl":{"start":{"line":18,"column":22},"end":{"line":18,"column":23}},"loc":{"start":{"line":18,"column":32},"end":{"line":22,"column":3}},"line":18},"3":{"name":"(anonymous_3)","decl":{"start":{"line":24,"column":20},"end":{"line":24,"column":21}},"loc":{"start":{"line":24,"column":35},"end":{"line":27,"column":3}},"line":24},"4":{"name":"(anonymous_4)","decl":{"start":{"line":25,"column":27},"end":{"line":25,"column":28}},"loc":{"start":{"line":25,"column":37},"end":{"line":25,"column":65}},"line":25},"5":{"name":"(anonymous_5)","decl":{"start":{"line":28,"column":22},"end":{"line":28,"column":23}},"loc":{"start":{"line":28,"column":28},"end":{"line":51,"column":3}},"line":28},"6":{"name":"(anonymous_6)","decl":{"start":{"line":56,"column":21},"end":{"line":56,"column":22}},"loc":{"start":{"line":57,"column":12},"end":{"line":71,"column":18}},"line":57},"7":{"name":"(anonymous_7)","decl":{"start":{"line":60,"column":30},"end":{"line":60,"column":31}},"loc":{"start":{"line":60,"column":36},"end":{"line":60,"column":61}},"line":60}},"branchMap":{"0":{"loc":{"start":{"line":19,"column":4},"end":{"line":21,"column":47}},"type":"if","locations":[{"start":{"line":19,"column":4},"end":{"line":21,"column":47}},{"start":{"line":21,"column":11},"end":{"line":21,"column":47}}],"line":19},"1":{"loc":{"start":{"line":75,"column":11},"end":{"line":75,"column":60}},"type":"cond-expr","locations":[{"start":{"line":75,"column":39},"end":{"line":75,"column":52}},{"start":{"line":75,"column":55},"end":{"line":75,"column":60}}],"line":75}},"s":{"0":0,"1":0,"2":0,"3":0,"4":0,"5":0,"6":0,"7":0,"8":0,"9":0,"10":0,"11":0,"12":0,"13":0,"14":0,"15":0,"16":0},"f":{"0":0,"1":0,"2":0,"3":0,"4":0,"5":0,"6":0,"7":0},"b":{"0":[0,0],"1":[0,0]}}
,"/Users/akshitbatra/Hands-on/cbp/new/src/pages/ErrorPage.js": {"path":"/Users/akshitbatra/Hands-on/cbp/new/src/pages/ErrorPage.js","statementMap":{"0":{"start":{"line":3,"column":18},"end":{"line":7,"column":1}},"1":{"start":{"line":4,"column":4},"end":{"line":6,"column":5}}},"fnMap":{"0":{"name":"(anonymous_0)","decl":{"start":{"line":3,"column":18},"end":{"line":3,"column":19}},"loc":{"start":{"line":3,"column":29},"end":{"line":7,"column":1}},"line":3}},"branchMap":{},"s":{"0":0,"1":0},"f":{"0":0},"b":{}}
,"/Users/akshitbatra/Hands-on/cbp/new/src/pages/LandingPage.js": {"path":"/Users/akshitbatra/Hands-on/cbp/new/src/pages/LandingPage.js","statementMap":{"0":{"start":{"line":4,"column":20},"end":{"line":44,"column":1}},"1":{"start":{"line":5,"column":19},"end":{"line":5,"column":32}},"2":{"start":{"line":7,"column":23},"end":{"line":22,"column":3}},"3":{"start":{"line":24,"column":26},"end":{"line":26,"column":3}},"4":{"start":{"line":25,"column":4},"end":{"line":25,"column":36}},"5":{"start":{"line":28,"column":2},"end":{"line":43,"column":4}},"6":{"start":{"line":32,"column":10},"end":{"line":39,"column":16}},"7":{"start":{"line":35,"column":27},"end":{"line":35,"column":55}}},"fnMap":{"0":{"name":"(anonymous_0)","decl":{"start":{"line":4,"column":20},"end":{"line":4,"column":21}},"loc":{"start":{"line":4,"column":31},"end":{"line":44,"column":1}},"line":4},"1":{"name":"(anonymous_1)","decl":{"start":{"line":24,"column":26},"end":{"line":24,"column":27}},"loc":{"start":{"line":24,"column":39},"end":{"line":26,"column":3}},"line":24},"2":{"name":"(anonymous_2)","decl":{"start":{"line":31,"column":26},"end":{"line":31,"column":27}},"loc":{"start":{"line":32,"column":10},"end":{"line":39,"column":16}},"line":32},"3":{"name":"(anonymous_3)","decl":{"start":{"line":35,"column":21},"end":{"line":35,"column":22}},"loc":{"start":{"line":35,"column":27},"end":{"line":35,"column":55}},"line":35}},"branchMap":{},"s":{"0":0,"1":0,"2":0,"3":0,"4":0,"5":0,"6":0,"7":0},"f":{"0":0,"1":0,"2":0,"3":0},"b":{}}
,"/Users/akshitbatra/Hands-on/cbp/new/src/pages/LandingPage.tsx": {"path":"/Users/akshitbatra/Hands-on/cbp/new/src/pages/LandingPage.tsx","statementMap":{"0":{"start":{"line":5,"column":20},"end":{"line":55,"column":1}},"1":{"start":{"line":6,"column":19},"end":{"line":6,"column":32}},"2":{"start":{"line":29,"column":24},"end":{"line":31,"column":3}},"3":{"start":{"line":30,"column":4},"end":{"line":30,"column":29}},"4":{"start":{"line":33,"column":2},"end":{"line":54,"column":4}}},"fnMap":{"0":{"name":"(anonymous_0)","decl":{"start":{"line":5,"column":20},"end":{"line":5,"column":21}},"loc":{"start":{"line":5,"column":36},"end":{"line":55,"column":1}},"line":5},"1":{"name":"(anonymous_1)","decl":{"start":{"line":29,"column":24},"end":{"line":29,"column":25}},"loc":{"start":{"line":29,"column":30},"end":{"line":31,"column":3}},"line":29}},"branchMap":{},"s":{"0":0,"1":0,"2":0,"3":0,"4":0},"f":{"0":0,"1":0},"b":{}}
,"/Users/akshitbatra/Hands-on/cbp/new/src/pages/Login.js": {"path":"/Users/akshitbatra/Hands-on/cbp/new/src/pages/Login.js","statementMap":{"0":{"start":{"line":9,"column":14},"end":{"line":50,"column":1}},"1":{"start":{"line":10,"column":28},"end":{"line":10,"column":42}},"2":{"start":{"line":11,"column":19},"end":{"line":11,"column":32}},"3":{"start":{"line":13,"column":22},"end":{"line":26,"column":3}},"4":{"start":{"line":14,"column":4},"end":{"line":25,"column":5}},"5":{"start":{"line":15,"column":23},"end":{"line":18,"column":8}},"6":{"start":{"line":20,"column":6},"end":{"line":21,"column":78}},"7":{"start":{"line":20,"column":35},"end":{"line":20,"column":53}},"8":{"start":{"line":21,"column":11},"end":{"line":21,"column":78}},"9":{"start":{"line":23,"column":6},"end":{"line":23,"column":24}},"10":{"start":{"line":24,"column":6},"end":{"line":24,"column":73}},"11":{"start":{"line":27,"column":22},"end":{"line":29,"column":3}},"12":{"start":{"line":28,"column":4},"end":{"line":28,"column":20}},"13":{"start":{"line":31,"column":2},"end":{"line":49,"column":4}}},"fnMap":{"0":{"name":"(anonymous_0)","decl":{"start":{"line":9,"column":14},"end":{"line":9,"column":15}},"loc":{"start":{"line":9,"column":25},"end":{"line":50,"column":1}},"line":9},"1":{"name":"(anonymous_1)","decl":{"start":{"line":13,"column":22},"end":{"line":13,"column":23}},"loc":{"start":{"line":13,"column":49},"end":{"line":26,"column":3}},"line":13},"2":{"name":"(anonymous_2)","decl":{"start":{"line":27,"column":22},"end":{"line":27,"column":23}},"loc":{"start":{"line":27,"column":33},"end":{"line":29,"column":3}},"line":27}},"branchMap":{"0":{"loc":{"start":{"line":20,"column":6},"end":{"line":21,"column":78}},"type":"if","locations":[{"start":{"line":20,"column":6},"end":{"line":21,"column":78}},{"start":{"line":21,"column":11},"end":{"line":21,"column":78}}],"line":20},"1":{"loc":{"start":{"line":42,"column":9},"end":{"line":42,"column":32}},"type":"binary-expr","locations":[{"start":{"line":42,"column":9},"end":{"line":42,"column":14}},{"start":{"line":42,"column":18},"end":{"line":42,"column":32}}],"line":42}},"s":{"0":0,"1":0,"2":0,"3":0,"4":0,"5":0,"6":0,"7":0,"8":0,"9":0,"10":0,"11":0,"12":0,"13":0},"f":{"0":0,"1":0,"2":0},"b":{"0":[0,0],"1":[0,0]}}
,"/Users/akshitbatra/Hands-on/cbp/new/src/pages/Signup.js": {"path":"/Users/akshitbatra/Hands-on/cbp/new/src/pages/Signup.js","statementMap":{"0":{"start":{"line":9,"column":15},"end":{"line":59,"column":1}},"1":{"start":{"line":10,"column":28},"end":{"line":10,"column":42}},"2":{"start":{"line":11,"column":19},"end":{"line":11,"column":32}},"3":{"start":{"line":13,"column":23},"end":{"line":36,"column":3}},"4":{"start":{"line":21,"column":4},"end":{"line":35,"column":5}},"5":{"start":{"line":22,"column":23},"end":{"line":29,"column":8}},"6":{"start":{"line":31,"column":6},"end":{"line":32,"column":78}},"7":{"start":{"line":31,"column":35},"end":{"line":31,"column":54}},"8":{"start":{"line":32,"column":11},"end":{"line":32,"column":78}},"9":{"start":{"line":34,"column":6},"end":{"line":34,"column":78}},"10":{"start":{"line":37,"column":22},"end":{"line":39,"column":3}},"11":{"start":{"line":38,"column":4},"end":{"line":38,"column":20}},"12":{"start":{"line":41,"column":2},"end":{"line":58,"column":4}}},"fnMap":{"0":{"name":"(anonymous_0)","decl":{"start":{"line":9,"column":15},"end":{"line":9,"column":16}},"loc":{"start":{"line":9,"column":26},"end":{"line":59,"column":1}},"line":9},"1":{"name":"(anonymous_1)","decl":{"start":{"line":13,"column":23},"end":{"line":13,"column":24}},"loc":{"start":{"line":20,"column":7},"end":{"line":36,"column":3}},"line":20},"2":{"name":"(anonymous_2)","decl":{"start":{"line":37,"column":22},"end":{"line":37,"column":23}},"loc":{"start":{"line":37,"column":33},"end":{"line":39,"column":3}},"line":37}},"branchMap":{"0":{"loc":{"start":{"line":31,"column":6},"end":{"line":32,"column":78}},"type":"if","locations":[{"start":{"line":31,"column":6},"end":{"line":32,"column":78}},{"start":{"line":32,"column":11},"end":{"line":32,"column":78}}],"line":31},"1":{"loc":{"start":{"line":51,"column":7},"end":{"line":51,"column":30}},"type":"binary-expr","locations":[{"start":{"line":51,"column":7},"end":{"line":51,"column":12}},{"start":{"line":51,"column":16},"end":{"line":51,"column":30}}],"line":51}},"s":{"0":0,"1":0,"2":0,"3":0,"4":0,"5":0,"6":0,"7":0,"8":0,"9":0,"10":0,"11":0,"12":0},"f":{"0":0,"1":0,"2":0},"b":{"0":[0,0],"1":[0,0]}}
,"/Users/akshitbatra/Hands-on/cbp/new/src/pages/CabRequestForm/CabRequestForm.tsx": {"path":"/Users/akshitbatra/Hands-on/cbp/new/src/pages/CabRequestForm/CabRequestForm.tsx","statementMap":{"0":{"start":{"line":8,"column":44},"end":{"line":118,"column":1}},"1":{"start":{"line":9,"column":19},"end":{"line":9,"column":32}},"2":{"start":{"line":10,"column":19},"end":{"line":19,"column":3}},"3":{"start":{"line":11,"column":4},"end":{"line":18,"column":9}},"4":{"start":{"line":13,"column":8},"end":{"line":13,"column":50}},"5":{"start":{"line":14,"column":8},"end":{"line":14,"column":33}},"6":{"start":{"line":17,"column":8},"end":{"line":17,"column":56}},"7":{"start":{"line":21,"column":21},"end":{"line":106,"column":3}},"8":{"start":{"line":108,"column":2},"end":{"line":117,"column":4}}},"fnMap":{"0":{"name":"(anonymous_0)","decl":{"start":{"line":8,"column":44},"end":{"line":8,"column":45}},"loc":{"start":{"line":8,"column":50},"end":{"line":118,"column":1}},"line":8},"1":{"name":"(anonymous_1)","decl":{"start":{"line":10,"column":19},"end":{"line":10,"column":20}},"loc":{"start":{"line":10,"column":44},"end":{"line":19,"column":3}},"line":10},"2":{"name":"(anonymous_2)","decl":{"start":{"line":12,"column":12},"end":{"line":12,"column":13}},"loc":{"start":{"line":12,"column":26},"end":{"line":15,"column":7}},"line":12},"3":{"name":"(anonymous_3)","decl":{"start":{"line":16,"column":13},"end":{"line":16,"column":14}},"loc":{"start":{"line":16,"column":24},"end":{"line":18,"column":7}},"line":16}},"branchMap":{},"s":{"0":0,"1":0,"2":0,"3":0,"4":0,"5":0,"6":0,"7":0,"8":0},"f":{"0":0,"1":0,"2":0,"3":0},"b":{}}
,"/Users/akshitbatra/Hands-on/cbp/new/src/services/CabRequestService.ts": {"path":"/Users/akshitbatra/Hands-on/cbp/new/src/services/CabRequestService.ts","statementMap":{"0":{"start":{"line":6,"column":21},"end":{"line":10,"column":3}},"1":{"start":{"line":7,"column":16},"end":{"line":7,"column":79}},"2":{"start":{"line":9,"column":4},"end":{"line":9,"column":60}},"3":{"start":{"line":9,"column":45},"end":{"line":9,"column":58}},"4":{"start":{"line":12,"column":25},"end":{"line":15,"column":3}},"5":{"start":{"line":13,"column":16},"end":{"line":13,"column":79}},"6":{"start":{"line":14,"column":4},"end":{"line":14,"column":74}},"7":{"start":{"line":14,"column":59},"end":{"line":14,"column":72}}},"fnMap":{"0":{"name":"(anonymous_0)","decl":{"start":{"line":6,"column":21},"end":{"line":6,"column":22}},"loc":{"start":{"line":6,"column":52},"end":{"line":10,"column":3}},"line":6},"1":{"name":"(anonymous_1)","decl":{"start":{"line":9,"column":31},"end":{"line":9,"column":32}},"loc":{"start":{"line":9,"column":45},"end":{"line":9,"column":58}},"line":9},"2":{"name":"(anonymous_2)","decl":{"start":{"line":12,"column":25},"end":{"line":12,"column":26}},"loc":{"start":{"line":12,"column":67},"end":{"line":15,"column":3}},"line":12},"3":{"name":"(anonymous_3)","decl":{"start":{"line":14,"column":45},"end":{"line":14,"column":46}},"loc":{"start":{"line":14,"column":59},"end":{"line":14,"column":72}},"line":14}},"branchMap":{},"s":{"0":0,"1":0,"2":0,"3":0,"4":0,"5":0,"6":0,"7":0},"f":{"0":0,"1":0,"2":0,"3":0},"b":{}}
,"/Users/akshitbatra/Hands-on/cbp/new/src/styles/components/CabRequest.scss": {"path":"/Users/akshitbatra/Hands-on/cbp/new/src/styles/components/CabRequest.scss","statementMap":{"0":{"start":{"line":1,"column":0},"end":{"line":1,"column":35}}},"fnMap":{},"branchMap":{},"s":{"0":1},"f":{},"b":{},"inputSourceMap":null,"_coverageSchema":"1a1c01bbd47fc00a2c39e90264f33305004495a9","hash":"5967bb4c6533deb3ea035b852cd1f1ff82707b9f"}
,"/Users/akshitbatra/Hands-on/cbp/new/src/types/FormProps.tsx": {"path":"/Users/akshitbatra/Hands-on/cbp/new/src/types/FormProps.tsx","statementMap":{},"fnMap":{},"branchMap":{},"s":{},"f":{},"b":{}}
,"/Users/akshitbatra/Hands-on/cbp/new/src/types/Interfaces.tsx": {"path":"/Users/akshitbatra/Hands-on/cbp/new/src/types/Interfaces.tsx","statementMap":{},"fnMap":{},"branchMap":{},"s":{},"f":{},"b":{}}
,"/Users/akshitbatra/Hands-on/cbp/new/src/utils/Date.ts": {"path":"/Users/akshitbatra/Hands-on/cbp/new/src/utils/Date.ts","statementMap":{"0":{"start":{"line":1,"column":37},"end":{"line":16,"column":1}},"1":{"start":{"line":2,"column":30},"end":{"line":13,"column":3}},"2":{"start":{"line":14,"column":30},"end":{"line":14,"column":45}},"3":{"start":{"line":15,"column":2},"end":{"line":15,"column":78}}},"fnMap":{"0":{"name":"(anonymous_0)","decl":{"start":{"line":1,"column":37},"end":{"line":1,"column":38}},"loc":{"start":{"line":1,"column":55},"end":{"line":16,"column":1}},"line":1}},"branchMap":{},"s":{"0":1,"1":1,"2":1,"3":1},"f":{"0":1},"b":{},"_coverageSchema":"1a1c01bbd47fc00a2c39e90264f33305004495a9","hash":"d200dc21cd22cc6d05925f3b90b49d9eb7687546"}
,"/Users/akshitbatra/Hands-on/cbp/new/src/utils/Validations.ts": {"path":"/Users/akshitbatra/Hands-on/cbp/new/src/utils/Validations.ts","statementMap":{"0":{"start":{"line":1,"column":24},"end":{"line":3,"column":1}},"1":{"start":{"line":2,"column":2},"end":{"line":2,"column":26}},"2":{"start":{"line":5,"column":28},"end":{"line":7,"column":1}},"3":{"start":{"line":6,"column":2},"end":{"line":6,"column":35}},"4":{"start":{"line":9,"column":27},"end":{"line":12,"column":1}},"5":{"start":{"line":10,"column":2},"end":{"line":10,"column":28}},"6":{"start":{"line":11,"column":2},"end":{"line":11,"column":33}}},"fnMap":{"0":{"name":"(anonymous_0)","decl":{"start":{"line":1,"column":24},"end":{"line":1,"column":25}},"loc":{"start":{"line":1,"column":43},"end":{"line":3,"column":1}},"line":1},"1":{"name":"(anonymous_1)","decl":{"start":{"line":5,"column":28},"end":{"line":5,"column":29}},"loc":{"start":{"line":5,"column":66},"end":{"line":7,"column":1}},"line":5},"2":{"name":"(anonymous_2)","decl":{"start":{"line":9,"column":27},"end":{"line":9,"column":28}},"loc":{"start":{"line":9,"column":62},"end":{"line":12,"column":1}},"line":9}},"branchMap":{},"s":{"0":0,"1":0,"2":0,"3":0,"4":0,"5":0,"6":0},"f":{"0":0,"1":0,"2":0},"b":{}}
,"/Users/akshitbatra/Hands-on/cbp/new/src/utils/mappers/vendorMapper.ts": {"path":"/Users/akshitbatra/Hands-on/cbp/new/src/utils/mappers/vendorMapper.ts","statementMap":{},"fnMap":{},"branchMap":{},"s":{},"f":{},"b":{}}
}
